#
# There is insufficient memory for the Java Runtime Environment to continue.
# Native memory allocation (malloc) failed to allocate 175856 bytes for Chunk::new
# Possible reasons:
#   The system is out of physical RAM or swap space
#   The process is running with CompressedOops enabled, and the Java Heap may be blocking the growth of the native heap
# Possible solutions:
#   Reduce memory load on the system
#   Increase physical memory or swap space
#   Check if swap backing store is full
#   Decrease Java heap size (-Xmx/-Xms)
#   Decrease number of Java threads
#   Decrease Java thread stack sizes (-Xss)
#   Set larger code cache with -XX:ReservedCodeCacheSize=
#   JVM is running with Unscaled Compressed Oops mode in which the Java heap is
#     placed in the first 4GB address space. The Java Heap base address is the
#     maximum limit for the native heap growth. Please use -XX:HeapBaseMinAddress
#     to set the Java Heap base and to place the Java Heap above 4GB virtual address.
# This output file may be truncated or incomplete.
#
#  Out of Memory Error (allocation.cpp:390), pid=12444, tid=0x00000000000024c8
#
# JRE version: Java(TM) SE Runtime Environment (8.0_201-b09) (build 1.8.0_201-b09)
# Java VM: Java HotSpot(TM) 64-Bit Server VM (25.201-b09 mixed mode windows-amd64 compressed oops)
# Failed to write core dump. Minidumps are not enabled by default on client versions of Windows
#

---------------  T H R E A D  ---------------

Current thread (0x0000000015c75800):  JavaThread "C2 CompilerThread0" daemon [_thread_in_native, id=9416, stack(0x00000000172c0000,0x00000000173c0000)]

Stack: [0x00000000172c0000,0x00000000173c0000]
[error occurred during error reporting (printing stack bounds), id 0xc0000005]

Native frames: (J=compiled Java code, j=interpreted, Vv=VM code, C=native code)


Current CompileTask:
C2:  18797 3458       4       sun.security.provider.SHA2::implCompress (331 bytes)


---------------  P R O C E S S  ---------------

Java Threads: ( => current thread )
  0x000000001a6fd000 JavaThread "Build operations Thread 4" [_thread_blocked, id=14372, stack(0x0000000020330000,0x0000000020430000)]
  0x000000001a6fc800 JavaThread "Build operations Thread 3" [_thread_blocked, id=1840, stack(0x0000000020230000,0x0000000020330000)]
  0x0000000018f49800 JavaThread "Build operations Thread 2" [_thread_blocked, id=9144, stack(0x000000001f0d0000,0x000000001f1d0000)]
  0x0000000018f49000 JavaThread "Build operations" [_thread_blocked, id=8352, stack(0x000000001efd0000,0x000000001f0d0000)]
  0x0000000018f48000 JavaThread "Cache worker for Artifact transforms cache (C:\Users\HP\.gradle\caches\transforms-1)" [_thread_blocked, id=1392, stack(0x000000001ecd0000,0x000000001edd0000)]
  0x0000000018f47800 JavaThread "Cache worker for cache directory md-rule (C:\Users\HP\.gradle\caches\4.10.1\md-rule)" [_thread_blocked, id=932, stack(0x000000001e9b0000,0x000000001eab0000)]
  0x0000000018f46800 JavaThread "Cache worker for cache directory md-supplier (C:\Users\HP\.gradle\caches\4.10.1\md-supplier)" [_thread_blocked, id=9668, stack(0x000000001dff0000,0x000000001e0f0000)]
  0x0000000018f46000 JavaThread "Cache worker for journal cache (C:\Users\HP\.gradle\caches\journal-1)" [_thread_blocked, id=4868, stack(0x000000001ce50000,0x000000001cf50000)]
  0x0000000018f43800 JavaThread "Cache worker for file hash cache (H:\AndroidStudioProjects\DataEntry\.gradle\4.10.1\fileHashes)" [_thread_blocked, id=14368, stack(0x000000001cc50000,0x000000001cd50000)]
  0x0000000018f44800 JavaThread "File lock request listener" [_thread_in_native, id=8952, stack(0x000000001b7e0000,0x000000001b8e0000)]
  0x0000000018f4a800 JavaThread "Cache worker for file hash cache (C:\Users\HP\.gradle\caches\4.10.1\fileHashes)" [_thread_blocked, id=7364, stack(0x000000001b6e0000,0x000000001b7e0000)]
  0x0000000018eb0800 JavaThread "Stdin handler" [_thread_blocked, id=14080, stack(0x000000001a410000,0x000000001a510000)]
  0x0000000018ead000 JavaThread "Asynchronous log dispatcher for DefaultDaemonConnection: socket connection from /127.0.0.1:14398 to /127.0.0.1:14399" [_thread_blocked, id=7280, stack(0x000000001a310000,0x000000001a410000)]
  0x0000000018eab800 JavaThread "Daemon worker" [_thread_in_vm, id=6868, stack(0x000000001a210000,0x000000001a310000)]
  0x0000000018ea9000 JavaThread "Cancel handler" [_thread_blocked, id=14900, stack(0x000000001a110000,0x000000001a210000)]
  0x00000000177d2000 JavaThread "Handler for socket connection from /127.0.0.1:14398 to /127.0.0.1:14399" [_thread_in_native, id=11316, stack(0x0000000019e10000,0x0000000019f10000)]
  0x00000000177cf800 JavaThread "Daemon" [_thread_blocked, id=10412, stack(0x0000000019d10000,0x0000000019e10000)]
  0x0000000017d3b000 JavaThread "Daemon periodic checks" [_thread_blocked, id=1936, stack(0x0000000019c10000,0x0000000019d10000)]
  0x0000000017d38000 JavaThread "Incoming local TCP Connector on port 14398" [_thread_in_native, id=4656, stack(0x00000000199d0000,0x0000000019ad0000)]
  0x0000000018d46800 JavaThread "Daemon health stats" [_thread_blocked, id=13144, stack(0x0000000019390000,0x0000000019490000)]
  0x00000000175e8800 JavaThread "Service Thread" daemon [_thread_blocked, id=7568, stack(0x00000000179c0000,0x0000000017ac0000)]
  0x0000000015c89800 JavaThread "C1 CompilerThread2" daemon [_thread_in_native, id=14436, stack(0x00000000174c0000,0x00000000175c0000)]
  0x0000000015c83000 JavaThread "C2 CompilerThread1" daemon [_thread_in_native, id=2544, stack(0x00000000173c0000,0x00000000174c0000)]
=>0x0000000015c75800 JavaThread "C2 CompilerThread0" daemon [_thread_in_native, id=9416, stack(0x00000000172c0000,0x00000000173c0000)]
  0x0000000015c73800 JavaThread "Attach Listener" daemon [_thread_blocked, id=4804, stack(0x00000000171c0000,0x00000000172c0000)]
  0x0000000015c72000 JavaThread "Signal Dispatcher" daemon [_thread_blocked, id=15108, stack(0x00000000170c0000,0x00000000171c0000)]
  0x00000000022fa800 JavaThread "Finalizer" daemon [_thread_blocked, id=3568, stack(0x0000000016ed0000,0x0000000016fd0000)]
  0x00000000022f2000 JavaThread "Reference Handler" daemon [_thread_blocked, id=9124, stack(0x0000000016dd0000,0x0000000016ed0000)]
  0x00000000021fe000 JavaThread "main" [_thread_blocked, id=8332, stack(0x0000000002090000,0x0000000002190000)]

Other Threads:
  0x0000000015c37800 VMThread [stack: 0x0000000016cd0000,0x0000000016dd0000] [id=5064]
  0x000000001760b800 WatcherThread [stack: 0x0000000017ac0000,0x0000000017bc0000] [id=9356]

VM state:not at safepoint (normal execution)

VM Mutex/Monitor currently owned by a thread: None

heap address: 0x00000000a0000000, size: 1536 MB, Compressed Oops mode: 32-bit
Narrow klass base: 0x0000000000000000, Narrow klass shift: 3
Compressed class space size: 1073741824 Address: 0x0000000100000000

Heap:
 PSYoungGen      total 80384K, used 41388K [0x00000000e0000000, 0x00000000e7580000, 0x0000000100000000)
  eden space 73728K, 56% used [0x00000000e0000000,0x00000000e286b348,0x00000000e4800000)
  from space 6656K, 0% used [0x00000000e4800000,0x00000000e4800000,0x00000000e4e80000)
  to   space 8192K, 0% used [0x00000000e6d80000,0x00000000e6d80000,0x00000000e7580000)
 ParOldGen       total 29696K, used 17606K [0x00000000a0000000, 0x00000000a1d00000, 0x00000000e0000000)
  object space 29696K, 59% used [0x00000000a0000000,0x00000000a1131af0,0x00000000a1d00000)
 Metaspace       used 38988K, capacity 39580K, committed 39808K, reserved 1083392K
  class space    used 5468K, capacity 5690K, committed 5760K, reserved 1048576K

Card table byte_map: [0x00000000116c0000,0x00000000119d0000] byte_map_base: 0x00000000111c0000

Marking Bits: (ParMarkBitMap*) 0x0000000068ce4ce0
 Begin Bits: [0x0000000011fd0000, 0x00000000137d0000)
 End Bits:   [0x00000000137d0000, 0x0000000014fd0000)

Polling page: 0x0000000000650000

CodeCache: size=245760Kb used=11288Kb max_used=11288Kb free=234471Kb
 bounds [0x0000000002300000, 0x0000000002e10000, 0x0000000011300000]
 total_blobs=3954 nmethods=3227 adapters=638
 compilation: enabled

Compilation events (10 events):
Event: 18.722 Thread 0x0000000015c89800 3454       3       sun.security.util.SignatureFileVerifier::matches (93 bytes)
Event: 18.724 Thread 0x0000000015c89800 nmethod 3454 0x0000000002e0df90 code [0x0000000002e0e200, 0x0000000002e0f338]
Event: 18.737 Thread 0x0000000015c89800 3455       3       java.security.Provider::checkInitialized (16 bytes)
Event: 18.737 Thread 0x0000000015c89800 nmethod 3455 0x0000000002e0bd50 code [0x0000000002e0bec0, 0x0000000002e0c108]
Event: 18.737 Thread 0x0000000015c89800 3456       3       java.security.Provider$ServiceKey::<init> (8 bytes)
Event: 18.737 Thread 0x0000000015c89800 nmethod 3456 0x0000000002e0b990 code [0x0000000002e0bb00, 0x0000000002e0bc88]
Event: 18.737 Thread 0x0000000015c89800 3457       3       java.security.Provider$ServiceKey::<init> (39 bytes)
Event: 18.738 Thread 0x0000000015c89800 nmethod 3457 0x0000000002e0b2d0 code [0x0000000002e0b460, 0x0000000002e0b838]
Event: 18.751 Thread 0x0000000015c75800 3458       4       sun.security.provider.SHA2::implCompress (331 bytes)
Event: 18.759 Thread 0x0000000015c89800 3460       3       java.util.jar.Manifest::read (328 bytes)

GC Heap History (10 events):
Event: 6.719 GC heap before
{Heap before GC invocations=11 (full 1):
 PSYoungGen      total 57856K, used 2036K [0x00000000e0000000, 0x00000000e3f00000, 0x0000000100000000)
  eden space 51200K, 0% used [0x00000000e0000000,0x00000000e0000000,0x00000000e3200000)
  from space 6656K, 30% used [0x00000000e3880000,0x00000000e3a7d040,0x00000000e3f00000)
  to   space 6656K, 0% used [0x00000000e3200000,0x00000000e3200000,0x00000000e3880000)
 ParOldGen       total 44032K, used 9204K [0x00000000a0000000, 0x00000000a2b00000, 0x00000000e0000000)
  object space 44032K, 20% used [0x00000000a0000000,0x00000000a08fd108,0x00000000a2b00000)
 Metaspace       used 20750K, capacity 21206K, committed 21296K, reserved 1067008K
  class space    used 2983K, capacity 3181K, committed 3200K, reserved 1048576K
Event: 6.816 GC heap after
Heap after GC invocations=11 (full 1):
 PSYoungGen      total 57856K, used 0K [0x00000000e0000000, 0x00000000e3f00000, 0x0000000100000000)
  eden space 51200K, 0% used [0x00000000e0000000,0x00000000e0000000,0x00000000e3200000)
  from space 6656K, 0% used [0x00000000e3880000,0x00000000e3880000,0x00000000e3f00000)
  to   space 6656K, 0% used [0x00000000e3200000,0x00000000e3200000,0x00000000e3880000)
 ParOldGen       total 29696K, used 7146K [0x00000000a0000000, 0x00000000a1d00000, 0x00000000e0000000)
  object space 29696K, 24% used [0x00000000a0000000,0x00000000a06fa990,0x00000000a1d00000)
 Metaspace       used 20750K, capacity 21206K, committed 21296K, reserved 1067008K
  class space    used 2983K, capacity 3181K, committed 3200K, reserved 1048576K
}
Event: 8.267 GC heap before
{Heap before GC invocations=12 (full 1):
 PSYoungGen      total 57856K, used 51200K [0x00000000e0000000, 0x00000000e3f00000, 0x0000000100000000)
  eden space 51200K, 100% used [0x00000000e0000000,0x00000000e3200000,0x00000000e3200000)
  from space 6656K, 0% used [0x00000000e3880000,0x00000000e3880000,0x00000000e3f00000)
  to   space 6656K, 0% used [0x00000000e3200000,0x00000000e3200000,0x00000000e3880000)
 ParOldGen       total 29696K, used 7146K [0x00000000a0000000, 0x00000000a1d00000, 0x00000000e0000000)
  object space 29696K, 24% used [0x00000000a0000000,0x00000000a06fa990,0x00000000a1d00000)
 Metaspace       used 26539K, capacity 27026K, committed 27264K, reserved 1073152K
  class space    used 3707K, capacity 3898K, committed 3968K, reserved 1048576K
Event: 8.287 GC heap after
Heap after GC invocations=12 (full 1):
 PSYoungGen      total 57856K, used 5580K [0x00000000e0000000, 0x00000000e5700000, 0x0000000100000000)
  eden space 51200K, 0% used [0x00000000e0000000,0x00000000e0000000,0x00000000e3200000)
  from space 6656K, 83% used [0x00000000e3200000,0x00000000e3773240,0x00000000e3880000)
  to   space 7168K, 0% used [0x00000000e5000000,0x00000000e5000000,0x00000000e5700000)
 ParOldGen       total 29696K, used 7154K [0x00000000a0000000, 0x00000000a1d00000, 0x00000000e0000000)
  object space 29696K, 24% used [0x00000000a0000000,0x00000000a06fc990,0x00000000a1d00000)
 Metaspace       used 26539K, capacity 27026K, committed 27264K, reserved 1073152K
  class space    used 3707K, capacity 3898K, committed 3968K, reserved 1048576K
}
Event: 9.492 GC heap before
{Heap before GC invocations=13 (full 1):
 PSYoungGen      total 57856K, used 56780K [0x00000000e0000000, 0x00000000e5700000, 0x0000000100000000)
  eden space 51200K, 100% used [0x00000000e0000000,0x00000000e3200000,0x00000000e3200000)
  from space 6656K, 83% used [0x00000000e3200000,0x00000000e3773240,0x00000000e3880000)
  to   space 7168K, 0% used [0x00000000e5000000,0x00000000e5000000,0x00000000e5700000)
 ParOldGen       total 29696K, used 7154K [0x00000000a0000000, 0x00000000a1d00000, 0x00000000e0000000)
  object space 29696K, 24% used [0x00000000a0000000,0x00000000a06fc990,0x00000000a1d00000)
 Metaspace       used 29396K, capacity 29840K, committed 30080K, reserved 1075200K
  class space    used 4196K, capacity 4387K, committed 4480K, reserved 1048576K
Event: 9.515 GC heap after
Heap after GC invocations=13 (full 1):
 PSYoungGen      total 78848K, used 4562K [0x00000000e0000000, 0x00000000e5500000, 0x0000000100000000)
  eden space 73728K, 0% used [0x00000000e0000000,0x00000000e0000000,0x00000000e4800000)
  from space 5120K, 89% used [0x00000000e5000000,0x00000000e5474948,0x00000000e5500000)
  to   space 6656K, 0% used [0x00000000e4800000,0x00000000e4800000,0x00000000e4e80000)
 ParOldGen       total 29696K, used 9574K [0x00000000a0000000, 0x00000000a1d00000, 0x00000000e0000000)
  object space 29696K, 32% used [0x00000000a0000000,0x00000000a09599d0,0x00000000a1d00000)
 Metaspace       used 29396K, capacity 29840K, committed 30080K, reserved 1075200K
  class space    used 4196K, capacity 4387K, committed 4480K, reserved 1048576K
}
Event: 15.098 GC heap before
{Heap before GC invocations=14 (full 1):
 PSYoungGen      total 78848K, used 64135K [0x00000000e0000000, 0x00000000e5500000, 0x0000000100000000)
  eden space 73728K, 80% used [0x00000000e0000000,0x00000000e3a2d358,0x00000000e4800000)
  from space 5120K, 89% used [0x00000000e5000000,0x00000000e5474948,0x00000000e5500000)
  to   space 6656K, 0% used [0x00000000e4800000,0x00000000e4800000,0x00000000e4e80000)
 ParOldGen       total 29696K, used 9574K [0x00000000a0000000, 0x00000000a1d00000, 0x00000000e0000000)
  object space 29696K, 32% used [0x00000000a0000000,0x00000000a09599d0,0x00000000a1d00000)
 Metaspace       used 34782K, capacity 35314K, committed 35456K, reserved 1079296K
  class space    used 4969K, capacity 5189K, committed 5248K, reserved 1048576K
Event: 15.113 GC heap after
Heap after GC invocations=14 (full 1):
 PSYoungGen      total 80384K, used 6629K [0x00000000e0000000, 0x00000000e7580000, 0x0000000100000000)
  eden space 73728K, 0% used [0x00000000e0000000,0x00000000e0000000,0x00000000e4800000)
  from space 6656K, 99% used [0x00000000e4800000,0x00000000e4e79520,0x00000000e4e80000)
  to   space 8192K, 0% used [0x00000000e6d80000,0x00000000e6d80000,0x00000000e7580000)
 ParOldGen       total 29696K, used 11480K [0x00000000a0000000, 0x00000000a1d00000, 0x00000000e0000000)
  object space 29696K, 38% used [0x00000000a0000000,0x00000000a0b362d0,0x00000000a1d00000)
 Metaspace       used 34782K, capacity 35314K, committed 35456K, reserved 1079296K
  class space    used 4969K, capacity 5189K, committed 5248K, reserved 1048576K
}
Event: 15.113 GC heap before
{Heap before GC invocations=15 (full 2):
 PSYoungGen      total 80384K, used 6629K [0x00000000e0000000, 0x00000000e7580000, 0x0000000100000000)
  eden space 73728K, 0% used [0x00000000e0000000,0x00000000e0000000,0x00000000e4800000)
  from space 6656K, 99% used [0x00000000e4800000,0x00000000e4e79520,0x00000000e4e80000)
  to   space 8192K, 0% used [0x00000000e6d80000,0x00000000e6d80000,0x00000000e7580000)
 ParOldGen       total 29696K, used 11480K [0x00000000a0000000, 0x00000000a1d00000, 0x00000000e0000000)
  object space 29696K, 38% used [0x00000000a0000000,0x00000000a0b362d0,0x00000000a1d00000)
 Metaspace       used 34782K, capacity 35314K, committed 35456K, reserved 1079296K
  class space    used 4969K, capacity 5189K, committed 5248K, reserved 1048576K
Event: 15.314 GC heap after
Heap after GC invocations=15 (full 2):
 PSYoungGen      total 80384K, used 0K [0x00000000e0000000, 0x00000000e7580000, 0x0000000100000000)
  eden space 73728K, 0% used [0x00000000e0000000,0x00000000e0000000,0x00000000e4800000)
  from space 6656K, 0% used [0x00000000e4800000,0x00000000e4800000,0x00000000e4e80000)
  to   space 8192K, 0% used [0x00000000e6d80000,0x00000000e6d80000,0x00000000e7580000)
 ParOldGen       total 29696K, used 17606K [0x00000000a0000000, 0x00000000a1d00000, 0x00000000e0000000)
  object space 29696K, 59% used [0x00000000a0000000,0x00000000a1131af0,0x00000000a1d00000)
 Metaspace       used 34782K, capacity 35314K, committed 35456K, reserved 1079296K
  class space    used 4969K, capacity 5189K, committed 5248K, reserved 1048576K
}

Deoptimization events (10 events):
Event: 18.213 Thread 0x0000000018eab800 Uncommon trap: reason=unstable_if action=reinterpret pc=0x0000000002b5f00c method=java.util.jar.JarFile.maybeInstantiateVerifier()V @ 75
Event: 18.214 Thread 0x0000000018eab800 Uncommon trap: reason=unstable_if action=reinterpret pc=0x00000000027efa80 method=java.util.jar.Attributes$Name.isDigit(C)Z @ 3
Event: 18.240 Thread 0x0000000018eab800 Uncommon trap: reason=unstable_if action=reinterpret pc=0x0000000002de55a8 method=java.lang.ThreadLocal.get()Ljava/lang/Object; @ 11
Event: 18.436 Thread 0x0000000018eab800 Uncommon trap: reason=unstable_if action=reinterpret pc=0x00000000024867d8 method=java.util.HashMap.putVal(ILjava/lang/Object;Ljava/lang/Object;ZZ)Ljava/lang/Object; @ 236
Event: 18.557 Thread 0x0000000018eab800 Uncommon trap: reason=unstable_if action=reinterpret pc=0x000000000277417c method=java.lang.CharacterDataLatin1.isWhitespace(I)Z @ 14
Event: 18.724 Thread 0x0000000018eab800 Uncommon trap: reason=unstable_if action=reinterpret pc=0x0000000002781f1c method=java.util.jar.JarFile.maybeInstantiateVerifier()V @ 4
Event: 18.746 Thread 0x0000000018eab800 Uncommon trap: reason=unstable_if action=reinterpret pc=0x00000000024f1758 method=java.util.jar.JarFile.maybeInstantiateVerifier()V @ 4
Event: 18.750 Thread 0x0000000018eab800 Uncommon trap: reason=unstable_if action=reinterpret pc=0x00000000028438ac method=java.security.CodeSource.getCertificates()[Ljava/security/cert/Certificate; @ 22
Event: 18.750 Thread 0x0000000018eab800 Uncommon trap: reason=unstable_if action=reinterpret pc=0x0000000002ba09ac method=java.util.jar.JarFile.maybeInstantiateVerifier()V @ 4
Event: 18.751 Thread 0x0000000018eab800 Uncommon trap: reason=unstable_if action=reinterpret pc=0x0000000002dc6d78 method=java.security.CodeSource.matchCerts(Ljava/security/CodeSource;Z)Z @ 11

Classes redefined (0 events):
No events

Internal exceptions (10 events):
Event: 13.915 Thread 0x0000000018eab800 Exception <a 'java/lang/ClassNotFoundException': org/gradle/api/internal/ConventionTaskCustomizer> (0x00000000e29df930) thrown at [C:\re\workspace\8-2-build-windows-amd64-cygwin\jdk8u201\12322\hotspot\src\share\vm\classfile\systemDictionary.cpp, line 210]
Event: 13.918 Thread 0x0000000018eab800 Exception <a 'java/lang/ClassNotFoundException': org/gradle/api/tasks/DeleteCustomizer> (0x00000000e2a1b398) thrown at [C:\re\workspace\8-2-build-windows-amd64-cygwin\jdk8u201\12322\hotspot\src\share\vm\classfile\systemDictionary.cpp, line 210]
Event: 13.921 Thread 0x0000000018eab800 Exception <a 'java/lang/ClassNotFoundException': org/gradle/api/tasks/Delete_DecoratedCustomizer> (0x00000000e2a652c0) thrown at [C:\re\workspace\8-2-build-windows-amd64-cygwin\jdk8u201\12322\hotspot\src\share\vm\classfile\systemDictionary.cpp, line 210]
Event: 14.218 Thread 0x0000000018eab800 Exception <a 'java/lang/ClassNotFoundException': build_2uiuvpj1n1fcz4h12lmne9j8hBeanInfo> (0x00000000e2b99d58) thrown at [C:\re\workspace\8-2-build-windows-amd64-cygwin\jdk8u201\12322\hotspot\src\share\vm\classfile\systemDictionary.cpp, line 210]
Event: 14.218 Thread 0x0000000018eab800 Exception <a 'java/lang/ClassNotFoundException': build_2uiuvpj1n1fcz4h12lmne9j8hCustomizer> (0x00000000e2ba4a40) thrown at [C:\re\workspace\8-2-build-windows-amd64-cygwin\jdk8u201\12322\hotspot\src\share\vm\classfile\systemDictionary.cpp, line 210]
Event: 14.223 Thread 0x0000000018eab800 Exception <a 'java/lang/ClassNotFoundException': org/gradle/api/internal/plugins/DefaultObjectConfigurationActionBeanInfo> (0x00000000e2c12dd0) thrown at [C:\re\workspace\8-2-build-windows-amd64-cygwin\jdk8u201\12322\hotspot\src\share\vm\classfile\systemD
Event: 14.224 Thread 0x0000000018eab800 Exception <a 'java/lang/ClassNotFoundException': org/gradle/api/internal/plugins/DefaultObjectConfigurationActionCustomizer> (0x00000000e2c4f0f8) thrown at [C:\re\workspace\8-2-build-windows-amd64-cygwin\jdk8u201\12322\hotspot\src\share\vm\classfile\syste
Event: 14.843 Thread 0x0000000018eab800 Implicit null exception at 0x0000000002d75315 to 0x0000000002d755fd
Event: 16.175 Thread 0x0000000018eab800 Exception <a 'sun/nio/fs/WindowsException'> (0x00000000e0e7a1c8) thrown at [C:\re\workspace\8-2-build-windows-amd64-cygwin\jdk8u201\12322\hotspot\src\share\vm\prims\jni.cpp, line 709]
Event: 18.240 Thread 0x0000000018eab800 Implicit null exception at 0x0000000002de5068 to 0x0000000002de5591

Events (10 events):
Event: 18.750 Thread 0x0000000018eab800 DEOPT UNPACKING pc=0x000000000234583b sp=0x000000001a306468 mode 2
Event: 18.751 Thread 0x0000000018eab800 DEOPT PACKING pc=0x0000000002e09959 sp=0x000000001a306140
Event: 18.751 Thread 0x0000000018eab800 DEOPT UNPACKING pc=0x0000000002347890 sp=0x000000001a305e80 mode 0
Event: 18.751 Thread 0x0000000018eab800 Uncommon trap: trap_request=0xffffff65 fr.pc=0x0000000002dc6d78
Event: 18.751 Executing VM operation: RevokeBias
Event: 18.751 Executing VM operation: RevokeBias done
Event: 18.751 Thread 0x0000000018eab800 DEOPT PACKING pc=0x0000000002dc6d78 sp=0x000000001a306530
Event: 18.751 Thread 0x0000000018eab800 DEOPT UNPACKING pc=0x000000000234583b sp=0x000000001a3062e0 mode 2
Event: 18.752 loading class org/bouncycastle/jce/provider/BouncyCastleProvider
Event: 18.752 loading class org/bouncycastle/jce/provider/BouncyCastleProvider done


Dynamic libraries:
0x00007ff67eb50000 - 0x00007ff67eb87000 	C:\Program Files\Java\jdk1.8.0_201\bin\java.exe
0x00007ffe9d200000 - 0x00007ffe9d3e1000 	C:\WINDOWS\SYSTEM32\ntdll.dll
0x00007ffe77510000 - 0x00007ffe77522000 	C:\Program Files\AVAST Software\Avast\aswhook.dll
0x00007ffe9b400000 - 0x00007ffe9b4b2000 	C:\WINDOWS\System32\KERNEL32.DLL
0x00007ffe99fd0000 - 0x00007ffe9a243000 	C:\WINDOWS\System32\KERNELBASE.dll
0x00007ffe9a740000 - 0x00007ffe9a7e1000 	C:\WINDOWS\System32\ADVAPI32.dll
0x00007ffe9cde0000 - 0x00007ffe9ce7e000 	C:\WINDOWS\System32\msvcrt.dll
0x00007ffe9a7f0000 - 0x00007ffe9a84b000 	C:\WINDOWS\System32\sechost.dll
0x00007ffe9d020000 - 0x00007ffe9d144000 	C:\WINDOWS\System32\RPCRT4.dll
0x00007ffe9ad90000 - 0x00007ffe9af20000 	C:\WINDOWS\System32\USER32.dll
0x00007ffe9a300000 - 0x00007ffe9a320000 	C:\WINDOWS\System32\win32u.dll
0x00007ffe9af20000 - 0x00007ffe9af48000 	C:\WINDOWS\System32\GDI32.dll
0x00007ffe9a4f0000 - 0x00007ffe9a682000 	C:\WINDOWS\System32\gdi32full.dll
0x00007ffe9a450000 - 0x00007ffe9a4ef000 	C:\WINDOWS\System32\msvcp_win.dll
0x00007ffe99ed0000 - 0x00007ffe99fca000 	C:\WINDOWS\System32\ucrtbase.dll
0x00007ffe8a120000 - 0x00007ffe8a389000 	C:\WINDOWS\WinSxS\amd64_microsoft.windows.common-controls_6595b64144ccf1df_6.0.17134.590_none_fb3d9bff3069e088\COMCTL32.dll
0x00007ffe9af50000 - 0x00007ffe9b272000 	C:\WINDOWS\System32\combase.dll
0x00007ffe9a320000 - 0x00007ffe9a39a000 	C:\WINDOWS\System32\bcryptPrimitives.dll
0x00007ffe9cdb0000 - 0x00007ffe9cddd000 	C:\WINDOWS\System32\IMM32.DLL
0x0000000068d70000 - 0x0000000068e41000 	C:\Program Files\Java\jdk1.8.0_201\jre\bin\msvcr100.dll
0x00000000684c0000 - 0x0000000068d64000 	C:\Program Files\Java\jdk1.8.0_201\jre\bin\server\jvm.dll
0x00007ffe9b7f0000 - 0x00007ffe9b7f8000 	C:\WINDOWS\System32\PSAPI.DLL
0x00007ffe78820000 - 0x00007ffe78829000 	C:\WINDOWS\SYSTEM32\WSOCK32.dll
0x00007ffe9b520000 - 0x00007ffe9b58c000 	C:\WINDOWS\System32\WS2_32.dll
0x00007ffe94f20000 - 0x00007ffe94f43000 	C:\WINDOWS\SYSTEM32\WINMM.dll
0x00007ffe8dcc0000 - 0x00007ffe8dcca000 	C:\WINDOWS\SYSTEM32\VERSION.dll
0x00007ffe94ef0000 - 0x00007ffe94f1a000 	C:\WINDOWS\SYSTEM32\WINMMBASE.dll
0x00007ffe9a250000 - 0x00007ffe9a299000 	C:\WINDOWS\System32\cfgmgr32.dll
0x00007ffe940b0000 - 0x00007ffe940bf000 	C:\Program Files\Java\jdk1.8.0_201\jre\bin\verify.dll
0x00007ffe92ff0000 - 0x00007ffe93019000 	C:\Program Files\Java\jdk1.8.0_201\jre\bin\java.dll
0x00007ffe93030000 - 0x00007ffe93046000 	C:\Program Files\Java\jdk1.8.0_201\jre\bin\zip.dll
0x00007ffe9b800000 - 0x00007ffe9cc40000 	C:\WINDOWS\System32\SHELL32.dll
0x00007ffe9a690000 - 0x00007ffe9a739000 	C:\WINDOWS\System32\shcore.dll
0x00007ffe995d0000 - 0x00007ffe99cdd000 	C:\WINDOWS\System32\windows.storage.dll
0x00007ffe9b4c0000 - 0x00007ffe9b511000 	C:\WINDOWS\System32\shlwapi.dll
0x00007ffe99560000 - 0x00007ffe99571000 	C:\WINDOWS\System32\kernel.appcore.dll
0x00007ffe995b0000 - 0x00007ffe995cf000 	C:\WINDOWS\System32\profapi.dll
0x00007ffe99510000 - 0x00007ffe9955c000 	C:\WINDOWS\System32\powrprof.dll
0x00007ffe995a0000 - 0x00007ffe995aa000 	C:\WINDOWS\System32\FLTLIB.DLL
0x00007ffe92f30000 - 0x00007ffe92f4a000 	C:\Program Files\Java\jdk1.8.0_201\jre\bin\net.dll
0x00007ffe8b660000 - 0x00007ffe8b829000 	C:\WINDOWS\SYSTEM32\urlmon.dll
0x00007ffe8ba40000 - 0x00007ffe8bce5000 	C:\WINDOWS\SYSTEM32\iertutil.dll
0x00007ffe98f00000 - 0x00007ffe98f0b000 	C:\WINDOWS\SYSTEM32\CRYPTBASE.DLL
0x00007ffe98d30000 - 0x00007ffe98d96000 	C:\WINDOWS\system32\mswsock.dll
0x00007ffe92650000 - 0x00007ffe92661000 	C:\Program Files\Java\jdk1.8.0_201\jre\bin\nio.dll
0x00007ffe93d30000 - 0x00007ffe93d4e000 	C:\Users\HP\.gradle\native\25\windows-amd64\native-platform.dll
0x00007ffe93f50000 - 0x00007ffe93f5d000 	C:\Program Files\Java\jdk1.8.0_201\jre\bin\management.dll
0x00007ffe98ee0000 - 0x00007ffe98ef7000 	C:\WINDOWS\SYSTEM32\CRYPTSP.dll
0x00007ffe98910000 - 0x00007ffe98943000 	C:\WINDOWS\system32\rsaenh.dll
0x00007ffe99010000 - 0x00007ffe99035000 	C:\WINDOWS\SYSTEM32\bcrypt.dll
0x00007ffe99440000 - 0x00007ffe99468000 	C:\WINDOWS\SYSTEM32\USERENV.dll
0x00007ffe98ab0000 - 0x00007ffe98ae8000 	C:\WINDOWS\SYSTEM32\IPHLPAPI.DLL
0x00007ffe9cda0000 - 0x00007ffe9cda8000 	C:\WINDOWS\System32\NSI.dll
0x00007ffe8f8a0000 - 0x00007ffe8f8b6000 	C:\WINDOWS\SYSTEM32\dhcpcsvc6.DLL
0x00007ffe8f550000 - 0x00007ffe8f56a000 	C:\WINDOWS\SYSTEM32\dhcpcsvc.DLL

VM Arguments:
jvm_args: -Xmx1536m -Dfile.encoding=windows-1252 -Duser.country=US -Duser.language=en -Duser.variant 
java_command: org.gradle.launcher.daemon.bootstrap.GradleDaemon 4.10.1
java_class_path (initial): C:\Users\HP\.gradle\wrapper\dists\gradle-4.10.1-all\455itskqi2qtf0v2sja68alqd\gradle-4.10.1\lib\gradle-launcher-4.10.1.jar
Launcher Type: SUN_STANDARD

Environment Variables:
JAVA_HOME=C:\Program Files\Java\jdk1.8.0_201
PATH=C:\Program Files (x86)\Common Files\Oracle\Java\javapath;C:\Program Files (x86)\Common Files\ArcSoft\Bin;C:\Program Files (x86)\Intel\iCLS Client\;C:\Program Files\Intel\iCLS Client\;C:\WINDOWS\system32;C:\WINDOWS;C:\WINDOWS\System32\Wbem;C:\WINDOWS\System32\WindowsPowerShell\v1.0\;C:\Program Files (x86)\Intel\Intel(R) Management Engine Components\DAL;C:\Program Files\Intel\Intel(R) Management Engine Components\DAL;C:\Program Files (x86)\Intel\Intel(R) Management Engine Components\IPT;C:\Program Files\Intel\Intel(R) Management Engine Components\IPT;c:\Program Files\Intel\WiFi\bin\;c:\Program Files\Common Files\Intel\WirelessCommon\;C:\Program Files (x86)\GtkSharp\2.12\bin;C:\WINDOWS\System32\OpenSSH\;C:\Users\HP\AppData\Local\Android\Sdk;C:\Program Files\Java\jdk1.8.0_201bin;C:\Program Files\Java\jdk1.8.0_201\bin;C:\Program Files\Java\jre1.8.0_201\bin;C:\Program Files\Git\cmd;C:\Program Files\Java\jdk1.8.0_201\bin;C:\Users\HP\AppData\Local\Microsoft\WindowsApps;
USERNAME=HP
OS=Windows_NT
PROCESSOR_IDENTIFIER=Intel64 Family 6 Model 61 Stepping 4, GenuineIntel



---------------  S Y S T E M  ---------------

OS: Windows 10.0 , 64 bit Build 17134 (10.0.17134.556)

CPU:total 4 (initial active 4) (2 cores per cpu, 2 threads per core) family 6 model 61 stepping 4, cmov, cx8, fxsr, mmx, sse, sse2, sse3, ssse3, sse4.1, sse4.2, popcnt, avx, avx2, aes, clmul, erms, 3dnowpref, lzcnt, ht, tsc, tscinvbit, bmi1, bmi2, adx

Memory: 4k page, physical 4082796k(284112k free), swap 4082796k(5236k free)

vm_info: Java HotSpot(TM) 64-Bit Server VM (25.201-b09) for windows-amd64 JRE (1.8.0_201-b09), built on Dec 15 2018 18:36:39 by "java_re" with MS VC++ 10.0 (VS2010)

time: Sun Mar 03 15:35:54 2019
timezone: Bangladesh Standard Time
elapsed time: 18 seconds (0d 0h 0m 18s)

