#
# There is insufficient memory for the Java Runtime Environment to continue.
# Native memory allocation (malloc) failed to allocate 1837824 bytes for Chunk::new
# Possible reasons:
#   The system is out of physical RAM or swap space
#   The process is running with CompressedOops enabled, and the Java Heap may be blocking the growth of the native heap
# Possible solutions:
#   Reduce memory load on the system
#   Increase physical memory or swap space
#   Check if swap backing store is full
#   Decrease Java heap size (-Xmx/-Xms)
#   Decrease number of Java threads
#   Decrease Java thread stack sizes (-Xss)
#   Set larger code cache with -XX:ReservedCodeCacheSize=
#   JVM is running with Unscaled Compressed Oops mode in which the Java heap is
#     placed in the first 4GB address space. The Java Heap base address is the
#     maximum limit for the native heap growth. Please use -XX:HeapBaseMinAddress
#     to set the Java Heap base and to place the Java Heap above 4GB virtual address.
# This output file may be truncated or incomplete.
#
#  Out of Memory Error (allocation.cpp:390), pid=3532, tid=0x0000000000000dfc
#
# JRE version: Java(TM) SE Runtime Environment (8.0_201-b09) (build 1.8.0_201-b09)
# Java VM: Java HotSpot(TM) 64-Bit Server VM (25.201-b09 mixed mode windows-amd64 compressed oops)
# Failed to write core dump. Minidumps are not enabled by default on client versions of Windows
#

---------------  T H R E A D  ---------------

Current thread (0x0000000015f55800):  JavaThread "C2 CompilerThread0" daemon [_thread_in_native, id=3580, stack(0x0000000017590000,0x0000000017690000)]

Stack: [0x0000000017590000,0x0000000017690000]
[error occurred during error reporting (printing stack bounds), id 0xc0000005]

Native frames: (J=compiled Java code, j=interpreted, Vv=VM code, C=native code)


Current CompileTask:
C2:   8091 1364       4       java.net.URLClassLoader$1::run (5 bytes)


---------------  P R O C E S S  ---------------

Java Threads: ( => current thread )
  0x0000000017ea5000 JavaThread "File lock request listener" [_thread_in_native, id=13168, stack(0x000000001ce20000,0x000000001cf20000)]
  0x0000000017ea3000 JavaThread "Cache worker for file hash cache (C:\Users\HP\.gradle\caches\4.10.1\fileHashes)" [_thread_blocked, id=10532, stack(0x000000001c980000,0x000000001ca80000)]
  0x0000000018229800 JavaThread "Stdin handler" [_thread_blocked, id=3868, stack(0x000000001a6e0000,0x000000001a7e0000)]
  0x00000000182d4000 JavaThread "Asynchronous log dispatcher for DefaultDaemonConnection: socket connection from /127.0.0.1:13413 to /127.0.0.1:13414" [_thread_blocked, id=612, stack(0x000000001a5e0000,0x000000001a6e0000)]
  0x00000000179d4000 JavaThread "Daemon worker" [_thread_in_native, id=8476, stack(0x000000001a4e0000,0x000000001a5e0000)]
  0x00000000179d3800 JavaThread "Cancel handler" [_thread_blocked, id=8648, stack(0x000000001a3e0000,0x000000001a4e0000)]
  0x0000000017a59000 JavaThread "Handler for socket connection from /127.0.0.1:13413 to /127.0.0.1:13414" [_thread_in_native, id=10244, stack(0x000000001a0e0000,0x000000001a1e0000)]
  0x0000000017a5a800 JavaThread "Daemon" [_thread_blocked, id=14108, stack(0x0000000019fe0000,0x000000001a0e0000)]
  0x0000000015f9c800 JavaThread "Daemon periodic checks" [_thread_blocked, id=2312, stack(0x0000000019ee0000,0x0000000019fe0000)]
  0x0000000015f9c000 JavaThread "Incoming local TCP Connector on port 13413" [_thread_in_native, id=13840, stack(0x0000000019ca0000,0x0000000019da0000)]
  0x0000000018e41000 JavaThread "Daemon health stats" [_thread_blocked, id=13780, stack(0x0000000019660000,0x0000000019760000)]
  0x00000000178b1000 JavaThread "Service Thread" daemon [_thread_blocked, id=11524, stack(0x0000000017c90000,0x0000000017d90000)]
  0x0000000015f9e800 JavaThread "C1 CompilerThread2" daemon [_thread_blocked, id=8732, stack(0x0000000017790000,0x0000000017890000)]
  0x0000000015f59800 JavaThread "C2 CompilerThread1" daemon [_thread_blocked, id=13624, stack(0x0000000017690000,0x0000000017790000)]
=>0x0000000015f55800 JavaThread "C2 CompilerThread0" daemon [_thread_in_native, id=3580, stack(0x0000000017590000,0x0000000017690000)]
  0x0000000015f53800 JavaThread "Attach Listener" daemon [_thread_blocked, id=5604, stack(0x0000000017490000,0x0000000017590000)]
  0x0000000015f52000 JavaThread "Signal Dispatcher" daemon [_thread_blocked, id=5016, stack(0x0000000017390000,0x0000000017490000)]
  0x00000000025ba800 JavaThread "Finalizer" daemon [_thread_blocked, id=4696, stack(0x00000000171a0000,0x00000000172a0000)]
  0x00000000025b2000 JavaThread "Reference Handler" daemon [_thread_blocked, id=11848, stack(0x00000000170a0000,0x00000000171a0000)]
  0x000000000237e000 JavaThread "main" [_thread_blocked, id=9684, stack(0x0000000002380000,0x0000000002480000)]

Other Threads:
  0x0000000015f17800 VMThread [stack: 0x0000000016fa0000,0x00000000170a0000] [id=9876]
  0x00000000178b4800 WatcherThread [stack: 0x0000000017d90000,0x0000000017e90000] [id=1520]

VM state:not at safepoint (normal execution)

VM Mutex/Monitor currently owned by a thread: None

heap address: 0x00000000a0000000, size: 1536 MB, Compressed Oops mode: 32-bit
Narrow klass base: 0x0000000000000000, Narrow klass shift: 3
Compressed class space size: 1073741824 Address: 0x0000000100000000

Heap:
 PSYoungGen      total 20992K, used 15846K [0x00000000e0000000, 0x00000000e1b00000, 0x0000000100000000)
  eden space 15872K, 70% used [0x00000000e0000000,0x00000000e0aea158,0x00000000e0f80000)
  from space 5120K, 91% used [0x00000000e1500000,0x00000000e198fa68,0x00000000e1a00000)
  to   space 5632K, 0% used [0x00000000e0f80000,0x00000000e0f80000,0x00000000e1500000)
 ParOldGen       total 44032K, used 4506K [0x00000000a0000000, 0x00000000a2b00000, 0x00000000e0000000)
  object space 44032K, 10% used [0x00000000a0000000,0x00000000a0466938,0x00000000a2b00000)
 Metaspace       used 14724K, capacity 15058K, committed 15360K, reserved 1062912K
  class space    used 2144K, capacity 2253K, committed 2304K, reserved 1048576K

Card table byte_map: [0x0000000011980000,0x0000000011c90000] byte_map_base: 0x0000000011480000

Marking Bits: (ParMarkBitMap*) 0x0000000068ce4ce0
 Begin Bits: [0x0000000012290000, 0x0000000013a90000)
 End Bits:   [0x0000000013a90000, 0x0000000015290000)

Polling page: 0x0000000002360000

CodeCache: size=245760Kb used=4926Kb max_used=4926Kb free=240833Kb
 bounds [0x00000000025c0000, 0x0000000002aa0000, 0x00000000115c0000]
 total_blobs=1769 nmethods=1396 adapters=285
 compilation: enabled

Compilation events (10 events):
Event: 7.965 Thread 0x0000000015f59800 1412       4       java.util.jar.Attributes$Name::hashCode (24 bytes)
Event: 7.971 Thread 0x0000000015f59800 nmethod 1412 0x0000000002a88890 code [0x0000000002a889e0, 0x0000000002a88cb8]
Event: 8.033 Thread 0x0000000015f9e800 1413       3       com.google.common.collect.AbstractIndexedListIterator::hasNext (17 bytes)
Event: 8.033 Thread 0x0000000015f9e800 nmethod 1413 0x0000000002a88490 code [0x0000000002a885e0, 0x0000000002a88790]
Event: 8.034 Thread 0x0000000015f9e800 1414       3       org.gradle.internal.file.FilePathUtil::sizeOfCommonPrefix (142 bytes)
Event: 8.036 Thread 0x0000000015f9e800 nmethod 1414 0x0000000002a93410 code [0x0000000002a93680, 0x0000000002a94aa8]
Event: 8.036 Thread 0x0000000015f9e800 1416       3       org.gradle.internal.file.DefaultFileHierarchySet$Node::sizeOfCommonPrefix (10 bytes)
Event: 8.036 Thread 0x0000000015f9e800 nmethod 1416 0x0000000002a86850 code [0x0000000002a869c0, 0x0000000002a86ba8]
Event: 8.036 Thread 0x0000000015f9e800 1415       3       java.util.AbstractCollection::isEmpty (13 bytes)
Event: 8.037 Thread 0x0000000015f9e800 nmethod 1415 0x0000000002a863d0 code [0x0000000002a86540, 0x0000000002a867a8]

GC Heap History (10 events):
Event: 3.091 GC heap before
{Heap before GC invocations=2 (full 0):
 PSYoungGen      total 18944K, used 18927K [0x00000000e0000000, 0x00000000e1500000, 0x0000000100000000)
  eden space 16384K, 100% used [0x00000000e0000000,0x00000000e1000000,0x00000000e1000000)
  from space 2560K, 99% used [0x00000000e1000000,0x00000000e127bc00,0x00000000e1280000)
  to   space 2560K, 0% used [0x00000000e1280000,0x00000000e1280000,0x00000000e1500000)
 ParOldGen       total 44032K, used 264K [0x00000000a0000000, 0x00000000a2b00000, 0x00000000e0000000)
  object space 44032K, 0% used [0x00000000a0000000,0x00000000a0042390,0x00000000a2b00000)
 Metaspace       used 6580K, capacity 6704K, committed 6784K, reserved 1056768K
  class space    used 823K, capacity 876K, committed 896K, reserved 1048576K
Event: 3.101 GC heap after
Heap after GC invocations=2 (full 0):
 PSYoungGen      total 18944K, used 2549K [0x00000000e0000000, 0x00000000e1500000, 0x0000000100000000)
  eden space 16384K, 0% used [0x00000000e0000000,0x00000000e0000000,0x00000000e1000000)
  from space 2560K, 99% used [0x00000000e1280000,0x00000000e14fd658,0x00000000e1500000)
  to   space 2560K, 0% used [0x00000000e1000000,0x00000000e1000000,0x00000000e1280000)
 ParOldGen       total 44032K, used 335K [0x00000000a0000000, 0x00000000a2b00000, 0x00000000e0000000)
  object space 44032K, 0% used [0x00000000a0000000,0x00000000a0053f48,0x00000000a2b00000)
 Metaspace       used 6580K, capacity 6704K, committed 6784K, reserved 1056768K
  class space    used 823K, capacity 876K, committed 896K, reserved 1048576K
}
Event: 3.679 GC heap before
{Heap before GC invocations=3 (full 0):
 PSYoungGen      total 18944K, used 18933K [0x00000000e0000000, 0x00000000e1500000, 0x0000000100000000)
  eden space 16384K, 100% used [0x00000000e0000000,0x00000000e1000000,0x00000000e1000000)
  from space 2560K, 99% used [0x00000000e1280000,0x00000000e14fd658,0x00000000e1500000)
  to   space 2560K, 0% used [0x00000000e1000000,0x00000000e1000000,0x00000000e1280000)
 ParOldGen       total 44032K, used 335K [0x00000000a0000000, 0x00000000a2b00000, 0x00000000e0000000)
  object space 44032K, 0% used [0x00000000a0000000,0x00000000a0053f48,0x00000000a2b00000)
 Metaspace       used 6802K, capacity 6986K, committed 7168K, reserved 1056768K
  class space    used 865K, capacity 949K, committed 1024K, reserved 1048576K
Event: 3.684 GC heap after
Heap after GC invocations=3 (full 0):
 PSYoungGen      total 18944K, used 2544K [0x00000000e0000000, 0x00000000e1500000, 0x0000000100000000)
  eden space 16384K, 0% used [0x00000000e0000000,0x00000000e0000000,0x00000000e1000000)
  from space 2560K, 99% used [0x00000000e1000000,0x00000000e127c030,0x00000000e1280000)
  to   space 2560K, 0% used [0x00000000e1280000,0x00000000e1280000,0x00000000e1500000)
 ParOldGen       total 44032K, used 703K [0x00000000a0000000, 0x00000000a2b00000, 0x00000000e0000000)
  object space 44032K, 1% used [0x00000000a0000000,0x00000000a00afe38,0x00000000a2b00000)
 Metaspace       used 6802K, capacity 6986K, committed 7168K, reserved 1056768K
  class space    used 865K, capacity 949K, committed 1024K, reserved 1048576K
}
Event: 4.577 GC heap before
{Heap before GC invocations=4 (full 0):
 PSYoungGen      total 18944K, used 18928K [0x00000000e0000000, 0x00000000e1500000, 0x0000000100000000)
  eden space 16384K, 100% used [0x00000000e0000000,0x00000000e1000000,0x00000000e1000000)
  from space 2560K, 99% used [0x00000000e1000000,0x00000000e127c030,0x00000000e1280000)
  to   space 2560K, 0% used [0x00000000e1280000,0x00000000e1280000,0x00000000e1500000)
 ParOldGen       total 44032K, used 703K [0x00000000a0000000, 0x00000000a2b00000, 0x00000000e0000000)
  object space 44032K, 1% used [0x00000000a0000000,0x00000000a00afe38,0x00000000a2b00000)
 Metaspace       used 9625K, capacity 9886K, committed 10240K, reserved 1058816K
  class space    used 1326K, capacity 1421K, committed 1536K, reserved 1048576K
Event: 4.583 GC heap after
Heap after GC invocations=4 (full 0):
 PSYoungGen      total 18944K, used 2528K [0x00000000e0000000, 0x00000000e1500000, 0x0000000100000000)
  eden space 16384K, 0% used [0x00000000e0000000,0x00000000e0000000,0x00000000e1000000)
  from space 2560K, 98% used [0x00000000e1280000,0x00000000e14f8020,0x00000000e1500000)
  to   space 2560K, 0% used [0x00000000e1000000,0x00000000e1000000,0x00000000e1280000)
 ParOldGen       total 44032K, used 2660K [0x00000000a0000000, 0x00000000a2b00000, 0x00000000e0000000)
  object space 44032K, 6% used [0x00000000a0000000,0x00000000a0299310,0x00000000a2b00000)
 Metaspace       used 9625K, capacity 9886K, committed 10240K, reserved 1058816K
  class space    used 1326K, capacity 1421K, committed 1536K, reserved 1048576K
}
Event: 7.082 GC heap before
{Heap before GC invocations=5 (full 0):
 PSYoungGen      total 18944K, used 18912K [0x00000000e0000000, 0x00000000e1500000, 0x0000000100000000)
  eden space 16384K, 100% used [0x00000000e0000000,0x00000000e1000000,0x00000000e1000000)
  from space 2560K, 98% used [0x00000000e1280000,0x00000000e14f8020,0x00000000e1500000)
  to   space 2560K, 0% used [0x00000000e1000000,0x00000000e1000000,0x00000000e1280000)
 ParOldGen       total 44032K, used 2660K [0x00000000a0000000, 0x00000000a2b00000, 0x00000000e0000000)
  object space 44032K, 6% used [0x00000000a0000000,0x00000000a0299310,0x00000000a2b00000)
 Metaspace       used 12331K, capacity 12616K, committed 12672K, reserved 1060864K
  class space    used 1723K, capacity 1864K, committed 1920K, reserved 1048576K
Event: 7.089 GC heap after
Heap after GC invocations=5 (full 0):
 PSYoungGen      total 18944K, used 2544K [0x00000000e0000000, 0x00000000e1a00000, 0x0000000100000000)
  eden space 16384K, 0% used [0x00000000e0000000,0x00000000e0000000,0x00000000e1000000)
  from space 2560K, 99% used [0x00000000e1000000,0x00000000e127c010,0x00000000e1280000)
  to   space 5120K, 0% used [0x00000000e1500000,0x00000000e1500000,0x00000000e1a00000)
 ParOldGen       total 44032K, used 4498K [0x00000000a0000000, 0x00000000a2b00000, 0x00000000e0000000)
  object space 44032K, 10% used [0x00000000a0000000,0x00000000a0464938,0x00000000a2b00000)
 Metaspace       used 12331K, capacity 12616K, committed 12672K, reserved 1060864K
  class space    used 1723K, capacity 1864K, committed 1920K, reserved 1048576K
}
Event: 7.514 GC heap before
{Heap before GC invocations=6 (full 0):
 PSYoungGen      total 18944K, used 18928K [0x00000000e0000000, 0x00000000e1a00000, 0x0000000100000000)
  eden space 16384K, 100% used [0x00000000e0000000,0x00000000e1000000,0x00000000e1000000)
  from space 2560K, 99% used [0x00000000e1000000,0x00000000e127c010,0x00000000e1280000)
  to   space 5120K, 0% used [0x00000000e1500000,0x00000000e1500000,0x00000000e1a00000)
 ParOldGen       total 44032K, used 4498K [0x00000000a0000000, 0x00000000a2b00000, 0x00000000e0000000)
  object space 44032K, 10% used [0x00000000a0000000,0x00000000a0464938,0x00000000a2b00000)
 Metaspace       used 13764K, capacity 14160K, committed 14464K, reserved 1060864K
  class space    used 1985K, capacity 2124K, committed 2176K, reserved 1048576K
Event: 7.522 GC heap after
Heap after GC invocations=6 (full 0):
 PSYoungGen      total 20992K, used 4670K [0x00000000e0000000, 0x00000000e1b00000, 0x0000000100000000)
  eden space 15872K, 0% used [0x00000000e0000000,0x00000000e0000000,0x00000000e0f80000)
  from space 5120K, 91% used [0x00000000e1500000,0x00000000e198fa68,0x00000000e1a00000)
  to   space 5632K, 0% used [0x00000000e0f80000,0x00000000e0f80000,0x00000000e1500000)
 ParOldGen       total 44032K, used 4506K [0x00000000a0000000, 0x00000000a2b00000, 0x00000000e0000000)
  object space 44032K, 10% used [0x00000000a0000000,0x00000000a0466938,0x00000000a2b00000)
 Metaspace       used 13764K, capacity 14160K, committed 14464K, reserved 1060864K
  class space    used 1985K, capacity 2124K, committed 2176K, reserved 1048576K
}

Deoptimization events (10 events):
Event: 4.928 Thread 0x000000000237e000 Uncommon trap: reason=unstable_if action=reinterpret pc=0x0000000002875f08 method=java.io.WinNTFileSystem.normalize(Ljava/lang/String;)Ljava/lang/String; @ 128
Event: 4.928 Thread 0x000000000237e000 Uncommon trap: reason=unstable_if action=reinterpret pc=0x00000000028e5448 method=java.io.WinNTFileSystem.normalize(Ljava/lang/String;II)Ljava/lang/String; @ 90
Event: 6.198 Thread 0x0000000017a59000 Uncommon trap: reason=unstable_if action=reinterpret pc=0x000000000297c5f0 method=java.util.concurrent.ConcurrentHashMap.putVal(Ljava/lang/Object;Ljava/lang/Object;Z)Ljava/lang/Object; @ 206
Event: 6.765 Thread 0x00000000179d4000 Uncommon trap: reason=bimorphic action=maybe_recompile pc=0x0000000002853a88 method=java.util.HashMap.putVal(ILjava/lang/Object;Ljava/lang/Object;ZZ)Ljava/lang/Object; @ 253
Event: 6.766 Thread 0x00000000179d4000 Uncommon trap: reason=bimorphic action=maybe_recompile pc=0x0000000002853a88 method=java.util.HashMap.putVal(ILjava/lang/Object;Ljava/lang/Object;ZZ)Ljava/lang/Object; @ 253
Event: 6.766 Thread 0x00000000179d4000 Uncommon trap: reason=bimorphic action=maybe_recompile pc=0x0000000002853a88 method=java.util.HashMap.putVal(ILjava/lang/Object;Ljava/lang/Object;ZZ)Ljava/lang/Object; @ 253
Event: 7.809 Thread 0x00000000179d4000 Uncommon trap: reason=class_check action=maybe_recompile pc=0x0000000002884b58 method=java.util.regex.Matcher.match(II)Z @ 86
Event: 7.848 Thread 0x00000000179d4000 Uncommon trap: reason=class_check action=maybe_recompile pc=0x0000000002884b58 method=java.util.regex.Matcher.match(II)Z @ 86
Event: 7.849 Thread 0x00000000179d4000 Uncommon trap: reason=class_check action=maybe_recompile pc=0x0000000002884b58 method=java.util.regex.Matcher.match(II)Z @ 86
Event: 7.849 Thread 0x00000000179d4000 Uncommon trap: reason=class_check action=maybe_recompile pc=0x000000000283db1c method=java.util.regex.Matcher.match(II)Z @ 86

Classes redefined (0 events):
No events

Internal exceptions (10 events):
Event: 6.201 Thread 0x0000000017a59000 Exception <a 'java/lang/NoSuchMethodError': <clinit>> (0x00000000e049ca18) thrown at [C:\re\workspace\8-2-build-windows-amd64-cygwin\jdk8u201\12322\hotspot\src\share\vm\prims\jni.cpp, line 1613]
Event: 6.203 Thread 0x0000000017a59000 Exception <a 'java/lang/NoSuchMethodError': <clinit>> (0x00000000e04a8378) thrown at [C:\re\workspace\8-2-build-windows-amd64-cygwin\jdk8u201\12322\hotspot\src\share\vm\prims\jni.cpp, line 1613]
Event: 6.204 Thread 0x0000000017a59000 Exception <a 'java/lang/NoSuchMethodError': <clinit>> (0x00000000e04b19c0) thrown at [C:\re\workspace\8-2-build-windows-amd64-cygwin\jdk8u201\12322\hotspot\src\share\vm\prims\jni.cpp, line 1613]
Event: 6.238 Thread 0x0000000017a59000 Exception <a 'java/lang/NoSuchMethodError': <clinit>> (0x00000000e04d9090) thrown at [C:\re\workspace\8-2-build-windows-amd64-cygwin\jdk8u201\12322\hotspot\src\share\vm\prims\jni.cpp, line 1613]
Event: 6.255 Thread 0x0000000017a59000 Exception <a 'java/lang/NoSuchMethodError': <clinit>> (0x00000000e04f1380) thrown at [C:\re\workspace\8-2-build-windows-amd64-cygwin\jdk8u201\12322\hotspot\src\share\vm\prims\jni.cpp, line 1613]
Event: 6.257 Thread 0x0000000017a59000 Exception <a 'java/lang/NoSuchMethodError': <clinit>> (0x00000000e04fa010) thrown at [C:\re\workspace\8-2-build-windows-amd64-cygwin\jdk8u201\12322\hotspot\src\share\vm\prims\jni.cpp, line 1613]
Event: 6.260 Thread 0x0000000017a59000 Exception <a 'java/lang/NoSuchMethodError': <clinit>> (0x00000000e0510348) thrown at [C:\re\workspace\8-2-build-windows-amd64-cygwin\jdk8u201\12322\hotspot\src\share\vm\prims\jni.cpp, line 1613]
Event: 6.285 Thread 0x0000000017a59000 Exception <a 'java/lang/NoSuchMethodError': <clinit>> (0x00000000e0573a40) thrown at [C:\re\workspace\8-2-build-windows-amd64-cygwin\jdk8u201\12322\hotspot\src\share\vm\prims\jni.cpp, line 1613]
Event: 6.663 Thread 0x0000000017a59000 Exception <a 'java/lang/NoSuchMethodError': <clinit>> (0x00000000e05a01b0) thrown at [C:\re\workspace\8-2-build-windows-amd64-cygwin\jdk8u201\12322\hotspot\src\share\vm\prims\jni.cpp, line 1613]
Event: 6.672 Thread 0x0000000017a59000 Exception <a 'java/lang/NoSuchMethodError': <clinit>> (0x00000000e05bcf60) thrown at [C:\re\workspace\8-2-build-windows-amd64-cygwin\jdk8u201\12322\hotspot\src\share\vm\prims\jni.cpp, line 1613]

Events (10 events):
Event: 8.045 loading class org/gradle/internal/typeconversion/UnsupportedNotationException
Event: 8.045 loading class org/gradle/internal/typeconversion/UnsupportedNotationException done
Event: 8.045 loading class org/gradle/internal/typeconversion/TypeConversionException
Event: 8.045 loading class org/gradle/internal/typeconversion/TypeConversionException done
Event: 8.046 loading class org/gradle/internal/typeconversion/NotationParserBuilder$LazyDisplayName
Event: 8.046 loading class org/gradle/internal/typeconversion/NotationParserBuilder$LazyDisplayName done
Event: 8.046 loading class org/gradle/internal/typeconversion/ErrorHandlingNotationParser
Event: 8.046 loading class org/gradle/internal/typeconversion/ErrorHandlingNotationParser done
Event: 8.046 loading class org/gradle/internal/exceptions/DiagnosticsVisitor
Event: 8.046 loading class org/gradle/internal/exceptions/DiagnosticsVisitor done


Dynamic libraries:
0x00007ff6ce420000 - 0x00007ff6ce457000 	C:\Program Files\Java\jdk1.8.0_201\bin\java.exe
0x00007ffe9d200000 - 0x00007ffe9d3e1000 	C:\WINDOWS\SYSTEM32\ntdll.dll
0x00007ffe77510000 - 0x00007ffe77522000 	C:\Program Files\AVAST Software\Avast\aswhook.dll
0x00007ffe9b400000 - 0x00007ffe9b4b2000 	C:\WINDOWS\System32\KERNEL32.DLL
0x00007ffe99fd0000 - 0x00007ffe9a243000 	C:\WINDOWS\System32\KERNELBASE.dll
0x00007ffe9a740000 - 0x00007ffe9a7e1000 	C:\WINDOWS\System32\ADVAPI32.dll
0x00007ffe9cde0000 - 0x00007ffe9ce7e000 	C:\WINDOWS\System32\msvcrt.dll
0x00007ffe9a7f0000 - 0x00007ffe9a84b000 	C:\WINDOWS\System32\sechost.dll
0x00007ffe9d020000 - 0x00007ffe9d144000 	C:\WINDOWS\System32\RPCRT4.dll
0x00007ffe9ad90000 - 0x00007ffe9af20000 	C:\WINDOWS\System32\USER32.dll
0x00007ffe9a300000 - 0x00007ffe9a320000 	C:\WINDOWS\System32\win32u.dll
0x00007ffe9af20000 - 0x00007ffe9af48000 	C:\WINDOWS\System32\GDI32.dll
0x00007ffe9a4f0000 - 0x00007ffe9a682000 	C:\WINDOWS\System32\gdi32full.dll
0x00007ffe9a450000 - 0x00007ffe9a4ef000 	C:\WINDOWS\System32\msvcp_win.dll
0x00007ffe99ed0000 - 0x00007ffe99fca000 	C:\WINDOWS\System32\ucrtbase.dll
0x00007ffe8a120000 - 0x00007ffe8a389000 	C:\WINDOWS\WinSxS\amd64_microsoft.windows.common-controls_6595b64144ccf1df_6.0.17134.590_none_fb3d9bff3069e088\COMCTL32.dll
0x00007ffe9af50000 - 0x00007ffe9b272000 	C:\WINDOWS\System32\combase.dll
0x00007ffe9a320000 - 0x00007ffe9a39a000 	C:\WINDOWS\System32\bcryptPrimitives.dll
0x00007ffe9cdb0000 - 0x00007ffe9cddd000 	C:\WINDOWS\System32\IMM32.DLL
0x0000000068d70000 - 0x0000000068e41000 	C:\Program Files\Java\jdk1.8.0_201\jre\bin\msvcr100.dll
0x00000000684c0000 - 0x0000000068d64000 	C:\Program Files\Java\jdk1.8.0_201\jre\bin\server\jvm.dll
0x00007ffe9b7f0000 - 0x00007ffe9b7f8000 	C:\WINDOWS\System32\PSAPI.DLL
0x00007ffe78820000 - 0x00007ffe78829000 	C:\WINDOWS\SYSTEM32\WSOCK32.dll
0x00007ffe9b520000 - 0x00007ffe9b58c000 	C:\WINDOWS\System32\WS2_32.dll
0x00007ffe94f20000 - 0x00007ffe94f43000 	C:\WINDOWS\SYSTEM32\WINMM.dll
0x00007ffe8dcc0000 - 0x00007ffe8dcca000 	C:\WINDOWS\SYSTEM32\VERSION.dll
0x00007ffe94ef0000 - 0x00007ffe94f1a000 	C:\WINDOWS\SYSTEM32\WINMMBASE.dll
0x00007ffe9a250000 - 0x00007ffe9a299000 	C:\WINDOWS\System32\cfgmgr32.dll
0x00007ffe950b0000 - 0x00007ffe950bf000 	C:\Program Files\Java\jdk1.8.0_201\jre\bin\verify.dll
0x00007ffe940e0000 - 0x00007ffe94109000 	C:\Program Files\Java\jdk1.8.0_201\jre\bin\java.dll
0x00007ffe940c0000 - 0x00007ffe940d6000 	C:\Program Files\Java\jdk1.8.0_201\jre\bin\zip.dll
0x00007ffe9b800000 - 0x00007ffe9cc40000 	C:\WINDOWS\System32\SHELL32.dll
0x00007ffe9a690000 - 0x00007ffe9a739000 	C:\WINDOWS\System32\shcore.dll
0x00007ffe995d0000 - 0x00007ffe99cdd000 	C:\WINDOWS\System32\windows.storage.dll
0x00007ffe9b4c0000 - 0x00007ffe9b511000 	C:\WINDOWS\System32\shlwapi.dll
0x00007ffe99560000 - 0x00007ffe99571000 	C:\WINDOWS\System32\kernel.appcore.dll
0x00007ffe995b0000 - 0x00007ffe995cf000 	C:\WINDOWS\System32\profapi.dll
0x00007ffe99510000 - 0x00007ffe9955c000 	C:\WINDOWS\System32\powrprof.dll
0x00007ffe995a0000 - 0x00007ffe995aa000 	C:\WINDOWS\System32\FLTLIB.DLL
0x00007ffe940a0000 - 0x00007ffe940ba000 	C:\Program Files\Java\jdk1.8.0_201\jre\bin\net.dll
0x00007ffe8b660000 - 0x00007ffe8b829000 	C:\WINDOWS\SYSTEM32\urlmon.dll
0x00007ffe8ba40000 - 0x00007ffe8bce5000 	C:\WINDOWS\SYSTEM32\iertutil.dll
0x00007ffe98f00000 - 0x00007ffe98f0b000 	C:\WINDOWS\SYSTEM32\CRYPTBASE.DLL
0x00007ffe98d30000 - 0x00007ffe98d96000 	C:\WINDOWS\system32\mswsock.dll
0x00007ffe92650000 - 0x00007ffe92661000 	C:\Program Files\Java\jdk1.8.0_201\jre\bin\nio.dll
0x00007ffe950c0000 - 0x00007ffe950de000 	C:\Users\HP\.gradle\native\25\windows-amd64\native-platform.dll
0x00007ffe94af0000 - 0x00007ffe94afd000 	C:\Program Files\Java\jdk1.8.0_201\jre\bin\management.dll
0x00007ffe98ee0000 - 0x00007ffe98ef7000 	C:\WINDOWS\SYSTEM32\CRYPTSP.dll
0x00007ffe98910000 - 0x00007ffe98943000 	C:\WINDOWS\system32\rsaenh.dll
0x00007ffe99010000 - 0x00007ffe99035000 	C:\WINDOWS\SYSTEM32\bcrypt.dll
0x00007ffe99440000 - 0x00007ffe99468000 	C:\WINDOWS\SYSTEM32\USERENV.dll
0x00007ffe98ab0000 - 0x00007ffe98ae8000 	C:\WINDOWS\SYSTEM32\IPHLPAPI.DLL
0x00007ffe9cda0000 - 0x00007ffe9cda8000 	C:\WINDOWS\System32\NSI.dll
0x00007ffe8f8a0000 - 0x00007ffe8f8b6000 	C:\WINDOWS\SYSTEM32\dhcpcsvc6.DLL
0x00007ffe8f550000 - 0x00007ffe8f56a000 	C:\WINDOWS\SYSTEM32\dhcpcsvc.DLL

VM Arguments:
jvm_args: -Xmx1536m -Dfile.encoding=windows-1252 -Duser.country=US -Duser.language=en -Duser.variant 
java_command: org.gradle.launcher.daemon.bootstrap.GradleDaemon 4.10.1
java_class_path (initial): C:\Users\HP\.gradle\wrapper\dists\gradle-4.10.1-all\455itskqi2qtf0v2sja68alqd\gradle-4.10.1\lib\gradle-launcher-4.10.1.jar
Launcher Type: SUN_STANDARD

Environment Variables:
JAVA_HOME=C:\Program Files\Java\jdk1.8.0_201
PATH=C:\Program Files (x86)\Common Files\Oracle\Java\javapath;C:\Program Files (x86)\Common Files\ArcSoft\Bin;C:\Program Files (x86)\Intel\iCLS Client\;C:\Program Files\Intel\iCLS Client\;C:\WINDOWS\system32;C:\WINDOWS;C:\WINDOWS\System32\Wbem;C:\WINDOWS\System32\WindowsPowerShell\v1.0\;C:\Program Files (x86)\Intel\Intel(R) Management Engine Components\DAL;C:\Program Files\Intel\Intel(R) Management Engine Components\DAL;C:\Program Files (x86)\Intel\Intel(R) Management Engine Components\IPT;C:\Program Files\Intel\Intel(R) Management Engine Components\IPT;c:\Program Files\Intel\WiFi\bin\;c:\Program Files\Common Files\Intel\WirelessCommon\;C:\Program Files (x86)\GtkSharp\2.12\bin;C:\WINDOWS\System32\OpenSSH\;C:\Users\HP\AppData\Local\Android\Sdk;C:\Program Files\Java\jdk1.8.0_201bin;C:\Program Files\Java\jdk1.8.0_201\bin;C:\Program Files\Java\jre1.8.0_201\bin;C:\Program Files\Git\cmd;C:\Program Files\Java\jdk1.8.0_201\bin;C:\Users\HP\AppData\Local\Microsoft\WindowsApps;
USERNAME=HP
OS=Windows_NT
PROCESSOR_IDENTIFIER=Intel64 Family 6 Model 61 Stepping 4, GenuineIntel



---------------  S Y S T E M  ---------------

OS: Windows 10.0 , 64 bit Build 17134 (10.0.17134.556)

CPU:total 4 (initial active 4) (2 cores per cpu, 2 threads per core) family 6 model 61 stepping 4, cmov, cx8, fxsr, mmx, sse, sse2, sse3, ssse3, sse4.1, sse4.2, popcnt, avx, avx2, aes, clmul, erms, 3dnowpref, lzcnt, ht, tsc, tscinvbit, bmi1, bmi2, adx

Memory: 4k page, physical 4082796k(314136k free), swap 4082796k(5452k free)

vm_info: Java HotSpot(TM) 64-Bit Server VM (25.201-b09) for windows-amd64 JRE (1.8.0_201-b09), built on Dec 15 2018 18:36:39 by "java_re" with MS VC++ 10.0 (VS2010)

time: Sun Mar 03 01:19:50 2019
timezone: Bangladesh Standard Time
elapsed time: 8 seconds (0d 0h 0m 8s)

