#
# There is insufficient memory for the Java Runtime Environment to continue.
# Native memory allocation (malloc) failed to allocate 1167504 bytes for Chunk::new
# Possible reasons:
#   The system is out of physical RAM or swap space
#   The process is running with CompressedOops enabled, and the Java Heap may be blocking the growth of the native heap
# Possible solutions:
#   Reduce memory load on the system
#   Increase physical memory or swap space
#   Check if swap backing store is full
#   Decrease Java heap size (-Xmx/-Xms)
#   Decrease number of Java threads
#   Decrease Java thread stack sizes (-Xss)
#   Set larger code cache with -XX:ReservedCodeCacheSize=
#   JVM is running with Unscaled Compressed Oops mode in which the Java heap is
#     placed in the first 4GB address space. The Java Heap base address is the
#     maximum limit for the native heap growth. Please use -XX:HeapBaseMinAddress
#     to set the Java Heap base and to place the Java Heap above 4GB virtual address.
# This output file may be truncated or incomplete.
#
#  Out of Memory Error (allocation.cpp:390), pid=6204, tid=0x0000000000001068
#
# JRE version: Java(TM) SE Runtime Environment (8.0_201-b09) (build 1.8.0_201-b09)
# Java VM: Java HotSpot(TM) 64-Bit Server VM (25.201-b09 mixed mode windows-amd64 compressed oops)
# Failed to write core dump. Minidumps are not enabled by default on client versions of Windows
#

---------------  T H R E A D  ---------------

Current thread (0x000000001610b800):  JavaThread "C2 CompilerThread1" daemon [_thread_in_native, id=4200, stack(0x0000000017760000,0x0000000017860000)]

Stack: [0x0000000017760000,0x0000000017860000]
[error occurred during error reporting (printing stack bounds), id 0xc0000005]

Native frames: (J=compiled Java code, j=interpreted, Vv=VM code, C=native code)


Current CompileTask:
C2:  28288 5941       4       java.lang.Class::privateGetPublicMethods (267 bytes)


---------------  P R O C E S S  ---------------

Java Threads: ( => current thread )
  0x000000001b3b3000 JavaThread "Memory manager" [_thread_blocked, id=11508, stack(0x0000000020db0000,0x0000000020eb0000)]
  0x000000001b3b6000 JavaThread "Build operations Thread 4" [_thread_blocked, id=3488, stack(0x00000000205c0000,0x00000000206c0000)]
  0x000000001b3b1800 JavaThread "Build operations Thread 3" [_thread_in_native, id=13904, stack(0x00000000204c0000,0x00000000205c0000)]
  0x0000000019159800 JavaThread "Build operations Thread 2" [_thread_blocked, id=3960, stack(0x000000001f190000,0x000000001f290000)]
  0x0000000019156800 JavaThread "Build operations" [_thread_blocked, id=2568, stack(0x000000001f090000,0x000000001f190000)]
  0x0000000019155800 JavaThread "Cache worker for Artifact transforms cache (C:\Users\HP\.gradle\caches\transforms-1)" [_thread_blocked, id=8784, stack(0x000000001ea50000,0x000000001eb50000)]
  0x000000001915a000 JavaThread "Cache worker for cache directory md-rule (C:\Users\HP\.gradle\caches\4.10.1\md-rule)" [_thread_blocked, id=3900, stack(0x000000001e950000,0x000000001ea50000)]
  0x0000000019158800 JavaThread "Cache worker for cache directory md-supplier (C:\Users\HP\.gradle\caches\4.10.1\md-supplier)" [_thread_blocked, id=14404, stack(0x000000001e850000,0x000000001e950000)]
  0x0000000019157000 JavaThread "Cache worker for journal cache (C:\Users\HP\.gradle\caches\journal-1)" [_thread_blocked, id=11980, stack(0x000000001d0d0000,0x000000001d1d0000)]
  0x0000000019153800 JavaThread "Cache worker for file hash cache (H:\AndroidStudioProjects\DataEntry\.gradle\4.10.1\fileHashes)" [_thread_blocked, id=11928, stack(0x000000001cc50000,0x000000001cd50000)]
  0x0000000019154000 JavaThread "File lock request listener" [_thread_in_native, id=14764, stack(0x000000001bb80000,0x000000001bc80000)]
  0x0000000019158000 JavaThread "Cache worker for file hash cache (C:\Users\HP\.gradle\caches\4.10.1\fileHashes)" [_thread_blocked, id=7332, stack(0x000000001ba80000,0x000000001bb80000)]
  0x00000000192bf800 JavaThread "Stdin handler" [_thread_blocked, id=12028, stack(0x000000001a7b0000,0x000000001a8b0000)]
  0x00000000192ba800 JavaThread "Asynchronous log dispatcher for DefaultDaemonConnection: socket connection from /127.0.0.1:14487 to /127.0.0.1:14488" [_thread_blocked, id=9624, stack(0x000000001a6b0000,0x000000001a7b0000)]
  0x0000000018fa5800 JavaThread "Daemon worker" [_thread_blocked, id=8176, stack(0x000000001a5b0000,0x000000001a6b0000)]
  0x0000000018fa2800 JavaThread "Cancel handler" [_thread_blocked, id=13720, stack(0x000000001a4b0000,0x000000001a5b0000)]
  0x000000001900c800 JavaThread "Handler for socket connection from /127.0.0.1:14487 to /127.0.0.1:14488" [_thread_in_native, id=8852, stack(0x000000001a1b0000,0x000000001a2b0000)]
  0x0000000019007000 JavaThread "Daemon" [_thread_blocked, id=13168, stack(0x000000001a0b0000,0x000000001a1b0000)]
  0x0000000017be4800 JavaThread "Daemon periodic checks" [_thread_blocked, id=15256, stack(0x0000000019fb0000,0x000000001a0b0000)]
  0x0000000017b6a800 JavaThread "Incoming local TCP Connector on port 14487" [_thread_in_native, id=15196, stack(0x0000000019d70000,0x0000000019e70000)]
  0x00000000191ea000 JavaThread "Daemon health stats" [_thread_blocked, id=2748, stack(0x0000000019730000,0x0000000019830000)]
  0x0000000017985000 JavaThread "Service Thread" daemon [_thread_blocked, id=13604, stack(0x0000000017d60000,0x0000000017e60000)]
  0x0000000016115800 JavaThread "C1 CompilerThread2" daemon [_thread_blocked, id=8460, stack(0x0000000017860000,0x0000000017960000)]
=>0x000000001610b800 JavaThread "C2 CompilerThread1" daemon [_thread_in_native, id=4200, stack(0x0000000017760000,0x0000000017860000)]
  0x0000000016106800 JavaThread "C2 CompilerThread0" daemon [_thread_blocked, id=3740, stack(0x0000000017660000,0x0000000017760000)]
  0x0000000016104800 JavaThread "Attach Listener" daemon [_thread_blocked, id=12192, stack(0x0000000017560000,0x0000000017660000)]
  0x0000000016103800 JavaThread "Signal Dispatcher" daemon [_thread_blocked, id=14260, stack(0x0000000017460000,0x0000000017560000)]
  0x000000000278c800 JavaThread "Finalizer" daemon [_thread_blocked, id=14012, stack(0x0000000017360000,0x0000000017460000)]
  0x00000000160ea000 JavaThread "Reference Handler" daemon [_thread_blocked, id=12100, stack(0x0000000017260000,0x0000000017360000)]
  0x0000000000bbe000 JavaThread "main" [_thread_blocked, id=14720, stack(0x0000000002490000,0x0000000002590000)]

Other Threads:
  0x00000000160c7800 VMThread [stack: 0x0000000017160000,0x0000000017260000] [id=15200]
  0x00000000179b7000 WatcherThread [stack: 0x0000000017e60000,0x0000000017f60000] [id=13456]

VM state:not at safepoint (normal execution)

VM Mutex/Monitor currently owned by a thread: None

heap address: 0x00000000a0000000, size: 1536 MB, Compressed Oops mode: 32-bit
Narrow klass base: 0x0000000000000000, Narrow klass shift: 3
Compressed class space size: 1073741824 Address: 0x0000000100000000

Heap:
 PSYoungGen      total 177152K, used 28124K [0x00000000e0000000, 0x00000000eed80000, 0x0000000100000000)
  eden space 163840K, 9% used [0x00000000e0000000,0x00000000e0e7f140,0x00000000ea000000)
  from space 13312K, 99% used [0x00000000eb180000,0x00000000ebe78020,0x00000000ebe80000)
  to   space 17920K, 0% used [0x00000000ea000000,0x00000000ea000000,0x00000000eb180000)
 ParOldGen       total 77824K, used 33632K [0x00000000a0000000, 0x00000000a4c00000, 0x00000000e0000000)
  object space 77824K, 43% used [0x00000000a0000000,0x00000000a20d82b0,0x00000000a4c00000)
 Metaspace       used 60926K, capacity 62709K, committed 62848K, reserved 1103872K
  class space    used 8596K, capacity 9059K, committed 9088K, reserved 1048576K

Card table byte_map: [0x0000000011b50000,0x0000000011e60000] byte_map_base: 0x0000000011650000

Marking Bits: (ParMarkBitMap*) 0x0000000068ce4ce0
 Begin Bits: [0x0000000012460000, 0x0000000013c60000)
 End Bits:   [0x0000000013c60000, 0x0000000015460000)

Polling page: 0x0000000000a30000

CodeCache: size=245760Kb used=20184Kb max_used=20184Kb free=225575Kb
 bounds [0x0000000002790000, 0x0000000003b60000, 0x0000000011790000]
 total_blobs=6618 nmethods=5832 adapters=697
 compilation: enabled

Compilation events (10 events):
Event: 28.259 Thread 0x0000000016115800 nmethod 6402 0x0000000003b50dd0 code [0x0000000003b50f80, 0x0000000003b51598]
Event: 28.259 Thread 0x0000000016115800 6400       3       com.google.common.util.concurrent.AbstractFuture$Sync::get (10 bytes)
Event: 28.260 Thread 0x0000000016115800 nmethod 6400 0x0000000003b518d0 code [0x0000000003b51aa0, 0x0000000003b521b8]
Event: 28.260 Thread 0x0000000016115800 6401       3       com.google.common.util.concurrent.AbstractFuture$Sync::getValue (101 bytes)
Event: 28.260 Thread 0x0000000016115800 nmethod 6401 0x0000000003b52450 code [0x0000000003b52680, 0x0000000003b53228]
Event: 28.260 Thread 0x0000000016115800 6403   !   3       com.google.common.util.concurrent.Uninterruptibles::getUninterruptibly (40 bytes)
Event: 28.261 Thread 0x0000000016115800 nmethod 6403 0x0000000003b53790 code [0x0000000003b53940, 0x0000000003b53e68]
Event: 28.261 Thread 0x0000000016115800 6404       3       com.google.common.base.Stopwatch::elapsedNanos (32 bytes)
Event: 28.261 Thread 0x0000000016115800 nmethod 6404 0x0000000003b54090 code [0x0000000003b54200, 0x0000000003b54488]
Event: 28.261 Thread 0x0000000016115800 6409       1       java.nio.file.FileTreeWalker$DirectoryNode::skipped (5 bytes)

GC Heap History (10 events):
Event: 17.562 GC heap before
{Heap before GC invocations=15 (full 2):
 PSYoungGen      total 138240K, used 128000K [0x00000000e0000000, 0x00000000e9b80000, 0x0000000100000000)
  eden space 128000K, 100% used [0x00000000e0000000,0x00000000e7d00000,0x00000000e7d00000)
  from space 10240K, 0% used [0x00000000e8700000,0x00000000e8700000,0x00000000e9100000)
  to   space 10240K, 0% used [0x00000000e7d00000,0x00000000e7d00000,0x00000000e8700000)
 ParOldGen       total 51712K, used 17337K [0x00000000a0000000, 0x00000000a3280000, 0x00000000e0000000)
  object space 51712K, 33% used [0x00000000a0000000,0x00000000a10ee598,0x00000000a3280000)
 Metaspace       used 45846K, capacity 46836K, committed 46976K, reserved 1089536K
  class space    used 6448K, capacity 6780K, committed 6784K, reserved 1048576K
Event: 17.602 GC heap after
Heap after GC invocations=15 (full 2):
 PSYoungGen      total 138240K, used 10229K [0x00000000e0000000, 0x00000000ebf80000, 0x0000000100000000)
  eden space 128000K, 0% used [0x00000000e0000000,0x00000000e0000000,0x00000000e7d00000)
  from space 10240K, 99% used [0x00000000e7d00000,0x00000000e86fd700,0x00000000e8700000)
  to   space 14336K, 0% used [0x00000000eb180000,0x00000000eb180000,0x00000000ebf80000)
 ParOldGen       total 51712K, used 24219K [0x00000000a0000000, 0x00000000a3280000, 0x00000000e0000000)
  object space 51712K, 46% used [0x00000000a0000000,0x00000000a17a6e30,0x00000000a3280000)
 Metaspace       used 45846K, capacity 46836K, committed 46976K, reserved 1089536K
  class space    used 6448K, capacity 6780K, committed 6784K, reserved 1048576K
}
Event: 23.257 GC heap before
{Heap before GC invocations=16 (full 2):
 PSYoungGen      total 138240K, used 138229K [0x00000000e0000000, 0x00000000ebf80000, 0x0000000100000000)
  eden space 128000K, 100% used [0x00000000e0000000,0x00000000e7d00000,0x00000000e7d00000)
  from space 10240K, 99% used [0x00000000e7d00000,0x00000000e86fd700,0x00000000e8700000)
  to   space 14336K, 0% used [0x00000000eb180000,0x00000000eb180000,0x00000000ebf80000)
 ParOldGen       total 51712K, used 24219K [0x00000000a0000000, 0x00000000a3280000, 0x00000000e0000000)
  object space 51712K, 46% used [0x00000000a0000000,0x00000000a17a6e30,0x00000000a3280000)
 Metaspace       used 57108K, capacity 58570K, committed 58624K, reserved 1099776K
  class space    used 7999K, capacity 8448K, committed 8448K, reserved 1048576K
Event: 23.294 GC heap after
Heap after GC invocations=16 (full 2):
 PSYoungGen      total 176640K, used 12935K [0x00000000e0000000, 0x00000000ebe80000, 0x0000000100000000)
  eden space 163328K, 0% used [0x00000000e0000000,0x00000000e0000000,0x00000000e9f80000)
  from space 13312K, 97% used [0x00000000eb180000,0x00000000ebe21f10,0x00000000ebe80000)
  to   space 15872K, 0% used [0x00000000e9f80000,0x00000000e9f80000,0x00000000eaf00000)
 ParOldGen       total 51712K, used 32935K [0x00000000a0000000, 0x00000000a3280000, 0x00000000e0000000)
  object space 51712K, 63% used [0x00000000a0000000,0x00000000a2029ff8,0x00000000a3280000)
 Metaspace       used 57108K, capacity 58570K, committed 58624K, reserved 1099776K
  class space    used 7999K, capacity 8448K, committed 8448K, reserved 1048576K
}
Event: 23.631 GC heap before
{Heap before GC invocations=17 (full 2):
 PSYoungGen      total 176640K, used 19720K [0x00000000e0000000, 0x00000000ebe80000, 0x0000000100000000)
  eden space 163328K, 4% used [0x00000000e0000000,0x00000000e06a0120,0x00000000e9f80000)
  from space 13312K, 97% used [0x00000000eb180000,0x00000000ebe21f10,0x00000000ebe80000)
  to   space 15872K, 0% used [0x00000000e9f80000,0x00000000e9f80000,0x00000000eaf00000)
 ParOldGen       total 51712K, used 32935K [0x00000000a0000000, 0x00000000a3280000, 0x00000000e0000000)
  object space 51712K, 63% used [0x00000000a0000000,0x00000000a2029ff8,0x00000000a3280000)
 Metaspace       used 57443K, capacity 59035K, committed 59096K, reserved 1099776K
  class space    used 8059K, capacity 8515K, committed 8576K, reserved 1048576K
Event: 23.649 GC heap after
Heap after GC invocations=17 (full 2):
 PSYoungGen      total 179200K, used 5761K [0x00000000e0000000, 0x00000000ebe80000, 0x0000000100000000)
  eden space 163328K, 0% used [0x00000000e0000000,0x00000000e0000000,0x00000000e9f80000)
  from space 15872K, 36% used [0x00000000e9f80000,0x00000000ea5206b0,0x00000000eaf00000)
  to   space 13312K, 0% used [0x00000000eb180000,0x00000000eb180000,0x00000000ebe80000)
 ParOldGen       total 51712K, used 32943K [0x00000000a0000000, 0x00000000a3280000, 0x00000000e0000000)
  object space 51712K, 63% used [0x00000000a0000000,0x00000000a202bff8,0x00000000a3280000)
 Metaspace       used 57443K, capacity 59035K, committed 59096K, reserved 1099776K
  class space    used 8059K, capacity 8515K, committed 8576K, reserved 1048576K
}
Event: 23.649 GC heap before
{Heap before GC invocations=18 (full 3):
 PSYoungGen      total 179200K, used 5761K [0x00000000e0000000, 0x00000000ebe80000, 0x0000000100000000)
  eden space 163328K, 0% used [0x00000000e0000000,0x00000000e0000000,0x00000000e9f80000)
  from space 15872K, 36% used [0x00000000e9f80000,0x00000000ea5206b0,0x00000000eaf00000)
  to   space 13312K, 0% used [0x00000000eb180000,0x00000000eb180000,0x00000000ebe80000)
 ParOldGen       total 51712K, used 32943K [0x00000000a0000000, 0x00000000a3280000, 0x00000000e0000000)
  object space 51712K, 63% used [0x00000000a0000000,0x00000000a202bff8,0x00000000a3280000)
 Metaspace       used 57443K, capacity 59035K, committed 59096K, reserved 1099776K
  class space    used 8059K, capacity 8515K, committed 8576K, reserved 1048576K
Event: 24.050 GC heap after
Heap after GC invocations=18 (full 3):
 PSYoungGen      total 179200K, used 0K [0x00000000e0000000, 0x00000000ebe80000, 0x0000000100000000)
  eden space 163328K, 0% used [0x00000000e0000000,0x00000000e0000000,0x00000000e9f80000)
  from space 15872K, 0% used [0x00000000e9f80000,0x00000000e9f80000,0x00000000eaf00000)
  to   space 13312K, 0% used [0x00000000eb180000,0x00000000eb180000,0x00000000ebe80000)
 ParOldGen       total 77824K, used 29902K [0x00000000a0000000, 0x00000000a4c00000, 0x00000000e0000000)
  object space 77824K, 38% used [0x00000000a0000000,0x00000000a1d33ba0,0x00000000a4c00000)
 Metaspace       used 57443K, capacity 59035K, committed 59096K, reserved 1099776K
  class space    used 8059K, capacity 8515K, committed 8576K, reserved 1048576K
}
Event: 26.843 GC heap before
{Heap before GC invocations=19 (full 3):
 PSYoungGen      total 179200K, used 163328K [0x00000000e0000000, 0x00000000ebe80000, 0x0000000100000000)
  eden space 163328K, 100% used [0x00000000e0000000,0x00000000e9f80000,0x00000000e9f80000)
  from space 15872K, 0% used [0x00000000e9f80000,0x00000000e9f80000,0x00000000eaf00000)
  to   space 13312K, 0% used [0x00000000eb180000,0x00000000eb180000,0x00000000ebe80000)
 ParOldGen       total 77824K, used 29902K [0x00000000a0000000, 0x00000000a4c00000, 0x00000000e0000000)
  object space 77824K, 38% used [0x00000000a0000000,0x00000000a1d33ba0,0x00000000a4c00000)
 Metaspace       used 60514K, capacity 62325K, committed 62592K, reserved 1103872K
  class space    used 8547K, capacity 9059K, committed 9088K, reserved 1048576K
Event: 26.873 GC heap after
Heap after GC invocations=19 (full 3):
 PSYoungGen      total 177152K, used 13280K [0x00000000e0000000, 0x00000000eed80000, 0x0000000100000000)
  eden space 163840K, 0% used [0x00000000e0000000,0x00000000e0000000,0x00000000ea000000)
  from space 13312K, 99% used [0x00000000eb180000,0x00000000ebe78020,0x00000000ebe80000)
  to   space 17920K, 0% used [0x00000000ea000000,0x00000000ea000000,0x00000000eb180000)
 ParOldGen       total 77824K, used 33632K [0x00000000a0000000, 0x00000000a4c00000, 0x00000000e0000000)
  object space 77824K, 43% used [0x00000000a0000000,0x00000000a20d82b0,0x00000000a4c00000)
 Metaspace       used 60514K, capacity 62325K, committed 62592K, reserved 1103872K
  class space    used 8547K, capacity 9059K, committed 9088K, reserved 1048576K
}

Deoptimization events (10 events):
Event: 25.691 Thread 0x0000000018fa5800 Uncommon trap: reason=unstable_if action=reinterpret pc=0x000000000381f3ac method=groovy.lang.MetaClassImpl.filterPropertyMethod(Ljava/lang/Object;ZZ)Ljava/lang/Object; @ 60
Event: 25.762 Thread 0x0000000018fa5800 Uncommon trap: reason=unstable_if action=reinterpret pc=0x00000000039d61e4 method=java.lang.reflect.Modifier.toString(I)Ljava/lang/String; @ 123
Event: 25.969 Thread 0x0000000018fa5800 Uncommon trap: reason=predicate action=maybe_recompile pc=0x00000000031181f8 method=java.util.AbstractCollection.toArray([Ljava/lang/Object;)[Ljava/lang/Object; @ 49
Event: 26.045 Thread 0x0000000018fa5800 Uncommon trap: reason=unstable_if action=reinterpret pc=0x0000000003228548 method=org.codehaus.groovy.reflection.CachedMethod.compareToMethod(Ljava/lang/reflect/Method;)I @ 111
Event: 26.940 Thread 0x0000000018fa5800 Uncommon trap: reason=unstable_if action=reinterpret pc=0x0000000003566f28 method=java.util.regex.Pattern$GroupTail.match(Ljava/util/regex/Matcher;ILjava/lang/CharSequence;)Z @ 73
Event: 26.975 Thread 0x0000000018fa5800 Uncommon trap: reason=unstable_if action=reinterpret pc=0x000000000343f4ac method=java.util.regex.Pattern.closure(Ljava/util/regex/Pattern$Node;)Ljava/util/regex/Pattern$Node; @ 113
Event: 26.976 Thread 0x0000000018fa5800 Uncommon trap: reason=unstable_if action=reinterpret pc=0x0000000002cf1e70 method=java.lang.AbstractStringBuilder.append(Ljava/lang/String;)Ljava/lang/AbstractStringBuilder; @ 1
Event: 27.470 Thread 0x0000000018fa5800 Uncommon trap: reason=unstable_if action=reinterpret pc=0x00000000033d25e8 method=com.esotericsoftware.kryo.io.Input.readString()Ljava/lang/String; @ 38
Event: 27.665 Thread 0x000000001b3b6000 Uncommon trap: reason=unstable_if action=reinterpret pc=0x0000000002bf65dc method=java.util.concurrent.ConcurrentHashMap.addCount(JI)V @ 34
Event: 27.667 Thread 0x000000001b3b6000 Uncommon trap: reason=unstable_if action=reinterpret pc=0x0000000003240658 method=java.util.concurrent.ConcurrentHashMap.addCount(JI)V @ 7

Classes redefined (0 events):
No events

Internal exceptions (10 events):
Event: 26.739 Thread 0x0000000018fa5800 Exception <a 'java/lang/ClassNotFoundException': org/gradle/api/internal/artifacts/configurations/DefaultConfiguration_DecoratedCustomizer> (0x00000000e96ab0d8) thrown at [C:\re\workspace\8-2-build-windows-amd64-cygwin\jdk8u201\12322\hotspot\src\share\vm\
Event: 26.746 Thread 0x0000000018fa5800 Exception <a 'java/lang/ClassNotFoundException': org/gradle/api/internal/artifacts/DefaultPublishArtifactSetBeanInfo> (0x00000000e9785a28) thrown at [C:\re\workspace\8-2-build-windows-amd64-cygwin\jdk8u201\12322\hotspot\src\share\vm\classfile\systemDictio
Event: 26.747 Thread 0x0000000018fa5800 Exception <a 'java/lang/ClassNotFoundException': org/gradle/api/internal/DelegatingDomainObjectSetBeanInfo> (0x00000000e979b0c8) thrown at [C:\re\workspace\8-2-build-windows-amd64-cygwin\jdk8u201\12322\hotspot\src\share\vm\classfile\systemDictionary.cpp, 
Event: 26.748 Thread 0x0000000018fa5800 Exception <a 'java/lang/ClassNotFoundException': org/gradle/api/internal/DelegatingDomainObjectSetCustomizer> (0x00000000e97b1560) thrown at [C:\re\workspace\8-2-build-windows-amd64-cygwin\jdk8u201\12322\hotspot\src\share\vm\classfile\systemDictionary.cpp
Event: 26.750 Thread 0x0000000018fa5800 Exception <a 'java/lang/ClassNotFoundException': org/gradle/api/internal/artifacts/DefaultPublishArtifactSetCustomizer> (0x00000000e98039c8) thrown at [C:\re\workspace\8-2-build-windows-amd64-cygwin\jdk8u201\12322\hotspot\src\share\vm\classfile\systemDict
Event: 26.753 Thread 0x0000000018fa5800 Exception <a 'java/lang/ClassNotFoundException': org/gradle/api/internal/file/DefaultFileCollectionFactory$1BeanInfo> (0x00000000e9844ee8) thrown at [C:\re\workspace\8-2-build-windows-amd64-cygwin\jdk8u201\12322\hotspot\src\share\vm\classfile\systemDictio
Event: 26.753 Thread 0x0000000018fa5800 Exception <a 'java/lang/ClassNotFoundException': org/gradle/api/internal/file/collections/FileCollectionAdapterBeanInfo> (0x00000000e985d7a0) thrown at [C:\re\workspace\8-2-build-windows-amd64-cygwin\jdk8u201\12322\hotspot\src\share\vm\classfile\systemDic
Event: 26.754 Thread 0x0000000018fa5800 Exception <a 'java/lang/ClassNotFoundException': org/gradle/api/internal/file/collections/FileCollectionAdapterCustomizer> (0x00000000e9876990) thrown at [C:\re\workspace\8-2-build-windows-amd64-cygwin\jdk8u201\12322\hotspot\src\share\vm\classfile\systemD
Event: 26.755 Thread 0x0000000018fa5800 Exception <a 'java/lang/ClassNotFoundException': org/gradle/api/internal/file/DefaultFileCollectionFactory$1Customizer> (0x00000000e9898340) thrown at [C:\re\workspace\8-2-build-windows-amd64-cygwin\jdk8u201\12322\hotspot\src\share\vm\classfile\systemDict
Event: 26.975 Thread 0x0000000018fa5800 Implicit null exception at 0x0000000002cf1922 to 0x0000000002cf1e61

Events (10 events):
Event: 27.913 loading class org/gradle/process/internal/health/memory/JvmMemoryStatusSnapshot
Event: 27.913 loading class org/gradle/process/internal/health/memory/JvmMemoryStatusSnapshot done
Event: 27.917 loading class org/gradle/api/internal/changedetection/state/mirror/MerkleDirectorySnapshotBuilder
Event: 27.917 loading class org/gradle/api/internal/changedetection/state/mirror/MerkleDirectorySnapshotBuilder done
Event: 27.918 loading class org/gradle/api/internal/changedetection/state/mirror/MirrorUpdatingDirectoryWalker$1
Event: 27.918 loading class org/gradle/api/internal/changedetection/state/mirror/MirrorUpdatingDirectoryWalker$1 done
Event: 27.949 loading class org/gradle/api/internal/changedetection/state/mirror/PhysicalSnapshot$1
Event: 27.949 loading class org/gradle/api/internal/changedetection/state/mirror/PhysicalSnapshot$1 done
Event: 27.949 loading class org/gradle/api/internal/changedetection/state/mirror/PhysicalDirectorySnapshot
Event: 27.949 loading class org/gradle/api/internal/changedetection/state/mirror/PhysicalDirectorySnapshot done


Dynamic libraries:
0x00007ff7d7bd0000 - 0x00007ff7d7c07000 	C:\Program Files\Java\jdk1.8.0_201\bin\java.exe
0x00007ffe9d200000 - 0x00007ffe9d3e1000 	C:\WINDOWS\SYSTEM32\ntdll.dll
0x00007ffe77510000 - 0x00007ffe77522000 	C:\Program Files\AVAST Software\Avast\aswhook.dll
0x00007ffe9b400000 - 0x00007ffe9b4b2000 	C:\WINDOWS\System32\KERNEL32.DLL
0x00007ffe99fd0000 - 0x00007ffe9a243000 	C:\WINDOWS\System32\KERNELBASE.dll
0x00007ffe9a740000 - 0x00007ffe9a7e1000 	C:\WINDOWS\System32\ADVAPI32.dll
0x00007ffe9cde0000 - 0x00007ffe9ce7e000 	C:\WINDOWS\System32\msvcrt.dll
0x00007ffe9a7f0000 - 0x00007ffe9a84b000 	C:\WINDOWS\System32\sechost.dll
0x00007ffe9d020000 - 0x00007ffe9d144000 	C:\WINDOWS\System32\RPCRT4.dll
0x00007ffe9ad90000 - 0x00007ffe9af20000 	C:\WINDOWS\System32\USER32.dll
0x00007ffe9a300000 - 0x00007ffe9a320000 	C:\WINDOWS\System32\win32u.dll
0x00007ffe9af20000 - 0x00007ffe9af48000 	C:\WINDOWS\System32\GDI32.dll
0x00007ffe9a4f0000 - 0x00007ffe9a682000 	C:\WINDOWS\System32\gdi32full.dll
0x00007ffe9a450000 - 0x00007ffe9a4ef000 	C:\WINDOWS\System32\msvcp_win.dll
0x00007ffe99ed0000 - 0x00007ffe99fca000 	C:\WINDOWS\System32\ucrtbase.dll
0x00007ffe8a120000 - 0x00007ffe8a389000 	C:\WINDOWS\WinSxS\amd64_microsoft.windows.common-controls_6595b64144ccf1df_6.0.17134.590_none_fb3d9bff3069e088\COMCTL32.dll
0x00007ffe9af50000 - 0x00007ffe9b272000 	C:\WINDOWS\System32\combase.dll
0x00007ffe9a320000 - 0x00007ffe9a39a000 	C:\WINDOWS\System32\bcryptPrimitives.dll
0x00007ffe9cdb0000 - 0x00007ffe9cddd000 	C:\WINDOWS\System32\IMM32.DLL
0x0000000068d70000 - 0x0000000068e41000 	C:\Program Files\Java\jdk1.8.0_201\jre\bin\msvcr100.dll
0x00000000684c0000 - 0x0000000068d64000 	C:\Program Files\Java\jdk1.8.0_201\jre\bin\server\jvm.dll
0x00007ffe9b7f0000 - 0x00007ffe9b7f8000 	C:\WINDOWS\System32\PSAPI.DLL
0x00007ffe78820000 - 0x00007ffe78829000 	C:\WINDOWS\SYSTEM32\WSOCK32.dll
0x00007ffe9b520000 - 0x00007ffe9b58c000 	C:\WINDOWS\System32\WS2_32.dll
0x00007ffe94f20000 - 0x00007ffe94f43000 	C:\WINDOWS\SYSTEM32\WINMM.dll
0x00007ffe8dcc0000 - 0x00007ffe8dcca000 	C:\WINDOWS\SYSTEM32\VERSION.dll
0x00007ffe94ef0000 - 0x00007ffe94f1a000 	C:\WINDOWS\SYSTEM32\WINMMBASE.dll
0x00007ffe9a250000 - 0x00007ffe9a299000 	C:\WINDOWS\System32\cfgmgr32.dll
0x00007ffe950d0000 - 0x00007ffe950df000 	C:\Program Files\Java\jdk1.8.0_201\jre\bin\verify.dll
0x00007ffe911c0000 - 0x00007ffe911e9000 	C:\Program Files\Java\jdk1.8.0_201\jre\bin\java.dll
0x00007ffe92f30000 - 0x00007ffe92f46000 	C:\Program Files\Java\jdk1.8.0_201\jre\bin\zip.dll
0x00007ffe9b800000 - 0x00007ffe9cc40000 	C:\WINDOWS\System32\SHELL32.dll
0x00007ffe9a690000 - 0x00007ffe9a739000 	C:\WINDOWS\System32\shcore.dll
0x00007ffe995d0000 - 0x00007ffe99cdd000 	C:\WINDOWS\System32\windows.storage.dll
0x00007ffe9b4c0000 - 0x00007ffe9b511000 	C:\WINDOWS\System32\shlwapi.dll
0x00007ffe99560000 - 0x00007ffe99571000 	C:\WINDOWS\System32\kernel.appcore.dll
0x00007ffe995b0000 - 0x00007ffe995cf000 	C:\WINDOWS\System32\profapi.dll
0x00007ffe99510000 - 0x00007ffe9955c000 	C:\WINDOWS\System32\powrprof.dll
0x00007ffe995a0000 - 0x00007ffe995aa000 	C:\WINDOWS\System32\FLTLIB.DLL
0x00007ffe92580000 - 0x00007ffe9259a000 	C:\Program Files\Java\jdk1.8.0_201\jre\bin\net.dll
0x00007ffe8b660000 - 0x00007ffe8b829000 	C:\WINDOWS\SYSTEM32\urlmon.dll
0x00007ffe8ba40000 - 0x00007ffe8bce5000 	C:\WINDOWS\SYSTEM32\iertutil.dll
0x00007ffe98f00000 - 0x00007ffe98f0b000 	C:\WINDOWS\SYSTEM32\CRYPTBASE.DLL
0x00007ffe98d30000 - 0x00007ffe98d96000 	C:\WINDOWS\system32\mswsock.dll
0x00007ffe910e0000 - 0x00007ffe910f1000 	C:\Program Files\Java\jdk1.8.0_201\jre\bin\nio.dll
0x00007ffe94af0000 - 0x00007ffe94b0e000 	C:\Users\HP\.gradle\native\25\windows-amd64\native-platform.dll
0x00007ffe950c0000 - 0x00007ffe950cd000 	C:\Program Files\Java\jdk1.8.0_201\jre\bin\management.dll
0x00007ffe98ee0000 - 0x00007ffe98ef7000 	C:\WINDOWS\SYSTEM32\CRYPTSP.dll
0x00007ffe98910000 - 0x00007ffe98943000 	C:\WINDOWS\system32\rsaenh.dll
0x00007ffe99010000 - 0x00007ffe99035000 	C:\WINDOWS\SYSTEM32\bcrypt.dll
0x00007ffe99440000 - 0x00007ffe99468000 	C:\WINDOWS\SYSTEM32\USERENV.dll
0x00007ffe98ab0000 - 0x00007ffe98ae8000 	C:\WINDOWS\SYSTEM32\IPHLPAPI.DLL
0x00007ffe9cda0000 - 0x00007ffe9cda8000 	C:\WINDOWS\System32\NSI.dll
0x00007ffe8f8a0000 - 0x00007ffe8f8b6000 	C:\WINDOWS\SYSTEM32\dhcpcsvc6.DLL
0x00007ffe8f550000 - 0x00007ffe8f56a000 	C:\WINDOWS\SYSTEM32\dhcpcsvc.DLL

VM Arguments:
jvm_args: -Xmx1536m -Dfile.encoding=windows-1252 -Duser.country=US -Duser.language=en -Duser.variant 
java_command: org.gradle.launcher.daemon.bootstrap.GradleDaemon 4.10.1
java_class_path (initial): C:\Users\HP\.gradle\wrapper\dists\gradle-4.10.1-all\455itskqi2qtf0v2sja68alqd\gradle-4.10.1\lib\gradle-launcher-4.10.1.jar
Launcher Type: SUN_STANDARD

Environment Variables:
JAVA_HOME=C:\Program Files\Java\jdk1.8.0_201
PATH=C:\Program Files (x86)\Common Files\Oracle\Java\javapath;C:\Program Files (x86)\Common Files\ArcSoft\Bin;C:\Program Files (x86)\Intel\iCLS Client\;C:\Program Files\Intel\iCLS Client\;C:\WINDOWS\system32;C:\WINDOWS;C:\WINDOWS\System32\Wbem;C:\WINDOWS\System32\WindowsPowerShell\v1.0\;C:\Program Files (x86)\Intel\Intel(R) Management Engine Components\DAL;C:\Program Files\Intel\Intel(R) Management Engine Components\DAL;C:\Program Files (x86)\Intel\Intel(R) Management Engine Components\IPT;C:\Program Files\Intel\Intel(R) Management Engine Components\IPT;c:\Program Files\Intel\WiFi\bin\;c:\Program Files\Common Files\Intel\WirelessCommon\;C:\Program Files (x86)\GtkSharp\2.12\bin;C:\WINDOWS\System32\OpenSSH\;C:\Users\HP\AppData\Local\Android\Sdk;C:\Program Files\Java\jdk1.8.0_201bin;C:\Program Files\Java\jdk1.8.0_201\bin;C:\Program Files\Java\jre1.8.0_201\bin;C:\Program Files\Git\cmd;C:\Program Files\Java\jdk1.8.0_201\bin;C:\Users\HP\AppData\Local\Microsoft\WindowsApps;
USERNAME=HP
OS=Windows_NT
PROCESSOR_IDENTIFIER=Intel64 Family 6 Model 61 Stepping 4, GenuineIntel



---------------  S Y S T E M  ---------------

OS: Windows 10.0 , 64 bit Build 17134 (10.0.17134.556)

CPU:total 4 (initial active 4) (2 cores per cpu, 2 threads per core) family 6 model 61 stepping 4, cmov, cx8, fxsr, mmx, sse, sse2, sse3, ssse3, sse4.1, sse4.2, popcnt, avx, avx2, aes, clmul, erms, 3dnowpref, lzcnt, ht, tsc, tscinvbit, bmi1, bmi2, adx

Memory: 4k page, physical 4082796k(339028k free), swap 4082796k(5624k free)

vm_info: Java HotSpot(TM) 64-Bit Server VM (25.201-b09) for windows-amd64 JRE (1.8.0_201-b09), built on Dec 15 2018 18:36:39 by "java_re" with MS VC++ 10.0 (VS2010)

time: Sun Mar 03 15:45:15 2019
timezone: Bangladesh Standard Time
elapsed time: 28 seconds (0d 0h 0m 28s)

