#
# There is insufficient memory for the Java Runtime Environment to continue.
# Native memory allocation (malloc) failed to allocate 819136 bytes for Chunk::new
# Possible reasons:
#   The system is out of physical RAM or swap space
#   The process is running with CompressedOops enabled, and the Java Heap may be blocking the growth of the native heap
# Possible solutions:
#   Reduce memory load on the system
#   Increase physical memory or swap space
#   Check if swap backing store is full
#   Decrease Java heap size (-Xmx/-Xms)
#   Decrease number of Java threads
#   Decrease Java thread stack sizes (-Xss)
#   Set larger code cache with -XX:ReservedCodeCacheSize=
#   JVM is running with Unscaled Compressed Oops mode in which the Java heap is
#     placed in the first 4GB address space. The Java Heap base address is the
#     maximum limit for the native heap growth. Please use -XX:HeapBaseMinAddress
#     to set the Java Heap base and to place the Java Heap above 4GB virtual address.
# This output file may be truncated or incomplete.
#
#  Out of Memory Error (allocation.cpp:390), pid=14156, tid=0x0000000000000e84
#
# JRE version: Java(TM) SE Runtime Environment (8.0_201-b09) (build 1.8.0_201-b09)
# Java VM: Java HotSpot(TM) 64-Bit Server VM (25.201-b09 mixed mode windows-amd64 compressed oops)
# Failed to write core dump. Minidumps are not enabled by default on client versions of Windows
#

---------------  T H R E A D  ---------------

Current thread (0x0000000016378000):  JavaThread "C2 CompilerThread0" daemon [_thread_in_native, id=3716, stack(0x00000000179b0000,0x0000000017ab0000)]

Stack: [0x00000000179b0000,0x0000000017ab0000]
[error occurred during error reporting (printing stack bounds), id 0xc0000005]

Native frames: (J=compiled Java code, j=interpreted, Vv=VM code, C=native code)


Current CompileTask:
C2:  47716 7846       4       java.io.ObjectOutputStream::writeClassDesc (60 bytes)


---------------  P R O C E S S  ---------------

Java Threads: ( => current thread )
  0x000000001f9f6800 JavaThread "Build operations Thread 4" [_thread_blocked, id=12448, stack(0x00000000254b0000,0x00000000255b0000)]
  0x000000001f9f5800 JavaThread "Build operations Thread 3" [_thread_blocked, id=7380, stack(0x00000000253b0000,0x00000000254b0000)]
  0x000000001f9ee000 JavaThread "Build operations Thread 2" [_thread_blocked, id=12872, stack(0x00000000252b0000,0x00000000253b0000)]
  0x000000001f9ef000 JavaThread "Build operations" [_thread_blocked, id=7360, stack(0x00000000251b0000,0x00000000252b0000)]
  0x000000001f9f5000 JavaThread "Cache worker for cache directory md-rule (C:\Users\HP\.gradle\caches\4.10.1\md-rule)" [_thread_blocked, id=11328, stack(0x00000000250b0000,0x00000000251b0000)]
  0x000000001f9ed800 JavaThread "Cache worker for cache directory md-supplier (C:\Users\HP\.gradle\caches\4.10.1\md-supplier)" [_thread_blocked, id=12408, stack(0x0000000024fb0000,0x00000000250b0000)]
  0x000000001f9f4000 JavaThread "Cache worker for file hash cache (H:\AndroidStudioProjects\DataEntry\.gradle\4.10.1\fileHashes)" [_thread_blocked, id=13884, stack(0x0000000024eb0000,0x0000000024fb0000)]
  0x000000001f9f3800 JavaThread "Stdin handler" [_thread_blocked, id=4696, stack(0x0000000024db0000,0x0000000024eb0000)]
  0x000000001f9ec000 JavaThread "Asynchronous log dispatcher for DefaultDaemonConnection: socket connection from /127.0.0.1:14450 to /127.0.0.1:14456" [_thread_blocked, id=3856, stack(0x0000000023cc0000,0x0000000023dc0000)]
  0x000000001f9ec800 JavaThread "Cancel handler" [_thread_blocked, id=9016, stack(0x0000000023bc0000,0x0000000023cc0000)]
  0x000000001f9f2800 JavaThread "Handler for socket connection from /127.0.0.1:14450 to /127.0.0.1:14456" [_thread_in_native, id=10528, stack(0x0000000023ac0000,0x0000000023bc0000)]
  0x000000001f9f2000 JavaThread "pool-1-thread-1" [_thread_blocked, id=4276, stack(0x00000000239c0000,0x0000000023ac0000)]
  0x000000001f9f1000 JavaThread "Memory manager" [_thread_blocked, id=5572, stack(0x00000000235c0000,0x00000000236c0000)]
  0x000000001973f800 JavaThread "Cache worker for Artifact transforms cache (C:\Users\HP\.gradle\caches\transforms-1)" [_thread_blocked, id=8012, stack(0x000000001efe0000,0x000000001f0e0000)]
  0x000000001973f000 JavaThread "Cache worker for journal cache (C:\Users\HP\.gradle\caches\journal-1)" [_thread_blocked, id=4336, stack(0x000000001e6e0000,0x000000001e7e0000)]
  0x000000001973b000 JavaThread "File lock request listener" [_thread_in_native, id=3420, stack(0x000000001bed0000,0x000000001bfd0000)]
  0x000000001973a800 JavaThread "Cache worker for file hash cache (C:\Users\HP\.gradle\caches\4.10.1\fileHashes)" [_thread_blocked, id=13836, stack(0x000000001bdd0000,0x000000001bed0000)]
  0x0000000019180800 JavaThread "Daemon worker" [_thread_in_native, id=14380, stack(0x000000001a900000,0x000000001aa00000)]
  0x000000001953f800 JavaThread "Daemon" [_thread_blocked, id=4312, stack(0x000000001a400000,0x000000001a500000)]
  0x00000000194e1800 JavaThread "Daemon periodic checks" [_thread_blocked, id=13004, stack(0x000000001a300000,0x000000001a400000)]
  0x00000000182ee800 JavaThread "Incoming local TCP Connector on port 14450" [_thread_in_native, id=10116, stack(0x000000001a0c0000,0x000000001a1c0000)]
  0x00000000192dc000 JavaThread "Daemon health stats" [_thread_blocked, id=13532, stack(0x0000000019a80000,0x0000000019b80000)]
  0x0000000017cd5000 JavaThread "Service Thread" daemon [_thread_blocked, id=9968, stack(0x00000000180b0000,0x00000000181b0000)]
  0x0000000016386800 JavaThread "C1 CompilerThread2" daemon [_thread_blocked, id=1100, stack(0x0000000017bb0000,0x0000000017cb0000)]
  0x000000001637c000 JavaThread "C2 CompilerThread1" daemon [_thread_in_native, id=11900, stack(0x0000000017ab0000,0x0000000017bb0000)]
=>0x0000000016378000 JavaThread "C2 CompilerThread0" daemon [_thread_in_native, id=3716, stack(0x00000000179b0000,0x0000000017ab0000)]
  0x0000000016376800 JavaThread "Attach Listener" daemon [_thread_blocked, id=6152, stack(0x00000000178b0000,0x00000000179b0000)]
  0x0000000016375000 JavaThread "Signal Dispatcher" daemon [_thread_blocked, id=9228, stack(0x00000000177b0000,0x00000000178b0000)]
  0x000000000295d800 JavaThread "Finalizer" daemon [_thread_blocked, id=11512, stack(0x00000000175c0000,0x00000000176c0000)]
  0x000000001635a000 JavaThread "Reference Handler" daemon [_thread_blocked, id=12652, stack(0x00000000174c0000,0x00000000175c0000)]
  0x00000000029fe000 JavaThread "main" [_thread_blocked, id=5180, stack(0x0000000002720000,0x0000000002820000)]

Other Threads:
  0x0000000016337800 VMThread [stack: 0x00000000173c0000,0x00000000174c0000] [id=6944]
  0x0000000017cf6800 WatcherThread [stack: 0x00000000181b0000,0x00000000182b0000] [id=15140]

VM state:not at safepoint (normal execution)

VM Mutex/Monitor currently owned by a thread: None

heap address: 0x00000000a0000000, size: 1536 MB, Compressed Oops mode: 32-bit
Narrow klass base: 0x0000000000000000, Narrow klass shift: 3
Compressed class space size: 1073741824 Address: 0x0000000100000000

Heap:
 PSYoungGen      total 139776K, used 39318K [0x00000000e0000000, 0x00000000e9680000, 0x0000000100000000)
  eden space 125440K, 19% used [0x00000000e0000000,0x00000000e186c558,0x00000000e7a80000)
  from space 14336K, 99% used [0x00000000e7a80000,0x00000000e8879428,0x00000000e8880000)
  to   space 13312K, 0% used [0x00000000e8980000,0x00000000e8980000,0x00000000e9680000)
 ParOldGen       total 90624K, used 40328K [0x00000000a0000000, 0x00000000a5880000, 0x00000000e0000000)
  object space 90624K, 44% used [0x00000000a0000000,0x00000000a27620e8,0x00000000a5880000)
 Metaspace       used 65458K, capacity 67582K, committed 67712K, reserved 1107968K
  class space    used 8978K, capacity 9489K, committed 9600K, reserved 1048576K

Card table byte_map: [0x0000000011dc0000,0x00000000120d0000] byte_map_base: 0x00000000118c0000

Marking Bits: (ParMarkBitMap*) 0x0000000068ce4ce0
 Begin Bits: [0x00000000126d0000, 0x0000000013ed0000)
 End Bits:   [0x0000000013ed0000, 0x00000000156d0000)

Polling page: 0x0000000002820000

CodeCache: size=245760Kb used=23345Kb max_used=23532Kb free=222414Kb
 bounds [0x0000000002a00000, 0x0000000004180000, 0x0000000011a00000]
 total_blobs=7777 nmethods=6981 adapters=706
 compilation: enabled

Compilation events (10 events):
Event: 47.656 Thread 0x0000000016386800 7892       3       com.android.build.gradle.internal.pipeline.TransformStream::<init> (26 bytes)
Event: 47.657 Thread 0x0000000016386800 nmethod 7892 0x0000000002c09a90 code [0x0000000002c09be0, 0x0000000002c09df0]
Event: 47.657 Thread 0x0000000016386800 7888       1       com.android.build.gradle.internal.scope.VariantBuildArtifactsHolder$1::invoke (5 bytes)
Event: 47.657 Thread 0x0000000016386800 nmethod 7888 0x0000000002c09790 code [0x0000000002c098e0, 0x0000000002c099f0]
Event: 47.657 Thread 0x0000000016386800 7893       1       com.android.build.gradle.options.Option$DefaultImpls::getDefaultValue (2 bytes)
Event: 47.657 Thread 0x0000000016386800 nmethod 7893 0x000000000323ce10 code [0x000000000323cf60, 0x000000000323d050]
Event: 47.660 Thread 0x0000000016386800 7894       3       org.gradle.internal.operations.DefaultBuildOperationExecutor$CallableBuildOperationWorker::execute (10 bytes)
Event: 47.660 Thread 0x0000000016386800 nmethod 7894 0x0000000002e473d0 code [0x0000000002e47540, 0x0000000002e47908]
Event: 47.660 Thread 0x0000000016386800 7895       3       org.gradle.internal.operations.DefaultBuildOperationExecutor$CallableBuildOperationWorker::execute (12 bytes)
Event: 47.661 Thread 0x0000000016386800 nmethod 7895 0x0000000002e46f50 code [0x0000000002e470c0, 0x0000000002e47308]

GC Heap History (10 events):
Event: 21.864 GC heap before
{Heap before GC invocations=18 (full 2):
 PSYoungGen      total 99840K, used 99827K [0x00000000e0000000, 0x00000000e8580000, 0x0000000100000000)
  eden space 91648K, 100% used [0x00000000e0000000,0x00000000e5980000,0x00000000e5980000)
  from space 8192K, 99% used [0x00000000e5980000,0x00000000e617ccf8,0x00000000e6180000)
  to   space 11264K, 0% used [0x00000000e7a80000,0x00000000e7a80000,0x00000000e8580000)
 ParOldGen       total 55808K, used 21925K [0x00000000a0000000, 0x00000000a3680000, 0x00000000e0000000)
  object space 55808K, 39% used [0x00000000a0000000,0x00000000a1569608,0x00000000a3680000)
 Metaspace       used 52734K, capacity 54064K, committed 54400K, reserved 1095680K
  class space    used 7322K, capacity 7710K, committed 7808K, reserved 1048576K
Event: 21.892 GC heap after
Heap after GC invocations=18 (full 2):
 PSYoungGen      total 123392K, used 9580K [0x00000000e0000000, 0x00000000e8580000, 0x0000000100000000)
  eden space 112128K, 0% used [0x00000000e0000000,0x00000000e0000000,0x00000000e6d80000)
  from space 11264K, 85% used [0x00000000e7a80000,0x00000000e83db080,0x00000000e8580000)
  to   space 12288K, 0% used [0x00000000e6d80000,0x00000000e6d80000,0x00000000e7980000)
 ParOldGen       total 55808K, used 29443K [0x00000000a0000000, 0x00000000a3680000, 0x00000000e0000000)
  object space 55808K, 52% used [0x00000000a0000000,0x00000000a1cc0fe0,0x00000000a3680000)
 Metaspace       used 52734K, capacity 54064K, committed 54400K, reserved 1095680K
  class space    used 7322K, capacity 7710K, committed 7808K, reserved 1048576K
}
Event: 24.627 GC heap before
{Heap before GC invocations=19 (full 2):
 PSYoungGen      total 123392K, used 86935K [0x00000000e0000000, 0x00000000e8580000, 0x0000000100000000)
  eden space 112128K, 68% used [0x00000000e0000000,0x00000000e4b8ad98,0x00000000e6d80000)
  from space 11264K, 85% used [0x00000000e7a80000,0x00000000e83db080,0x00000000e8580000)
  to   space 12288K, 0% used [0x00000000e6d80000,0x00000000e6d80000,0x00000000e7980000)
 ParOldGen       total 55808K, used 29443K [0x00000000a0000000, 0x00000000a3680000, 0x00000000e0000000)
  object space 55808K, 52% used [0x00000000a0000000,0x00000000a1cc0fe0,0x00000000a3680000)
 Metaspace       used 57485K, capacity 58952K, committed 59096K, reserved 1099776K
  class space    used 8070K, capacity 8485K, committed 8576K, reserved 1048576K
Event: 24.652 GC heap after
Heap after GC invocations=19 (full 2):
 PSYoungGen      total 124416K, used 10620K [0x00000000e0000000, 0x00000000e9680000, 0x0000000100000000)
  eden space 112128K, 0% used [0x00000000e0000000,0x00000000e0000000,0x00000000e6d80000)
  from space 12288K, 86% used [0x00000000e6d80000,0x00000000e77df3f8,0x00000000e7980000)
  to   space 13312K, 0% used [0x00000000e8980000,0x00000000e8980000,0x00000000e9680000)
 ParOldGen       total 55808K, used 29451K [0x00000000a0000000, 0x00000000a3680000, 0x00000000e0000000)
  object space 55808K, 52% used [0x00000000a0000000,0x00000000a1cc2fe0,0x00000000a3680000)
 Metaspace       used 57485K, capacity 58952K, committed 59096K, reserved 1099776K
  class space    used 8070K, capacity 8485K, committed 8576K, reserved 1048576K
}
Event: 24.652 GC heap before
{Heap before GC invocations=20 (full 3):
 PSYoungGen      total 124416K, used 10620K [0x00000000e0000000, 0x00000000e9680000, 0x0000000100000000)
  eden space 112128K, 0% used [0x00000000e0000000,0x00000000e0000000,0x00000000e6d80000)
  from space 12288K, 86% used [0x00000000e6d80000,0x00000000e77df3f8,0x00000000e7980000)
  to   space 13312K, 0% used [0x00000000e8980000,0x00000000e8980000,0x00000000e9680000)
 ParOldGen       total 55808K, used 29451K [0x00000000a0000000, 0x00000000a3680000, 0x00000000e0000000)
  object space 55808K, 52% used [0x00000000a0000000,0x00000000a1cc2fe0,0x00000000a3680000)
 Metaspace       used 57485K, capacity 58952K, committed 59096K, reserved 1099776K
  class space    used 8070K, capacity 8485K, committed 8576K, reserved 1048576K
Event: 25.038 GC heap after
Heap after GC invocations=20 (full 3):
 PSYoungGen      total 124416K, used 0K [0x00000000e0000000, 0x00000000e9680000, 0x0000000100000000)
  eden space 112128K, 0% used [0x00000000e0000000,0x00000000e0000000,0x00000000e6d80000)
  from space 12288K, 0% used [0x00000000e6d80000,0x00000000e6d80000,0x00000000e7980000)
  to   space 13312K, 0% used [0x00000000e8980000,0x00000000e8980000,0x00000000e9680000)
 ParOldGen       total 90624K, used 33307K [0x00000000a0000000, 0x00000000a5880000, 0x00000000e0000000)
  object space 90624K, 36% used [0x00000000a0000000,0x00000000a2086d78,0x00000000a5880000)
 Metaspace       used 57485K, capacity 58952K, committed 59096K, reserved 1099776K
  class space    used 8070K, capacity 8485K, committed 8576K, reserved 1048576K
}
Event: 30.098 GC heap before
{Heap before GC invocations=21 (full 3):
 PSYoungGen      total 124416K, used 112128K [0x00000000e0000000, 0x00000000e9680000, 0x0000000100000000)
  eden space 112128K, 100% used [0x00000000e0000000,0x00000000e6d80000,0x00000000e6d80000)
  from space 12288K, 0% used [0x00000000e6d80000,0x00000000e6d80000,0x00000000e7980000)
  to   space 13312K, 0% used [0x00000000e8980000,0x00000000e8980000,0x00000000e9680000)
 ParOldGen       total 90624K, used 33307K [0x00000000a0000000, 0x00000000a5880000, 0x00000000e0000000)
  object space 90624K, 36% used [0x00000000a0000000,0x00000000a2086d78,0x00000000a5880000)
 Metaspace       used 59927K, capacity 61618K, committed 61696K, reserved 1101824K
  class space    used 8451K, capacity 8909K, committed 8960K, reserved 1048576K
Event: 30.148 GC heap after
Heap after GC invocations=21 (full 3):
 PSYoungGen      total 138752K, used 10635K [0x00000000e0000000, 0x00000000e9680000, 0x0000000100000000)
  eden space 125440K, 0% used [0x00000000e0000000,0x00000000e0000000,0x00000000e7a80000)
  from space 13312K, 79% used [0x00000000e8980000,0x00000000e93e2f98,0x00000000e9680000)
  to   space 14336K, 0% used [0x00000000e7a80000,0x00000000e7a80000,0x00000000e8880000)
 ParOldGen       total 90624K, used 33315K [0x00000000a0000000, 0x00000000a5880000, 0x00000000e0000000)
  object space 90624K, 36% used [0x00000000a0000000,0x00000000a2088d78,0x00000000a5880000)
 Metaspace       used 59927K, capacity 61618K, committed 61696K, reserved 1101824K
  class space    used 8451K, capacity 8909K, committed 8960K, reserved 1048576K
}
Event: 38.935 GC heap before
{Heap before GC invocations=22 (full 3):
 PSYoungGen      total 138752K, used 136075K [0x00000000e0000000, 0x00000000e9680000, 0x0000000100000000)
  eden space 125440K, 100% used [0x00000000e0000000,0x00000000e7a80000,0x00000000e7a80000)
  from space 13312K, 79% used [0x00000000e8980000,0x00000000e93e2f98,0x00000000e9680000)
  to   space 14336K, 0% used [0x00000000e7a80000,0x00000000e7a80000,0x00000000e8880000)
 ParOldGen       total 90624K, used 33315K [0x00000000a0000000, 0x00000000a5880000, 0x00000000e0000000)
  object space 90624K, 36% used [0x00000000a0000000,0x00000000a2088d78,0x00000000a5880000)
 Metaspace       used 65078K, capacity 67162K, committed 67456K, reserved 1107968K
  class space    used 8960K, capacity 9475K, committed 9600K, reserved 1048576K
Event: 38.979 GC heap after
Heap after GC invocations=22 (full 3):
 PSYoungGen      total 139776K, used 14309K [0x00000000e0000000, 0x00000000e9680000, 0x0000000100000000)
  eden space 125440K, 0% used [0x00000000e0000000,0x00000000e0000000,0x00000000e7a80000)
  from space 14336K, 99% used [0x00000000e7a80000,0x00000000e8879428,0x00000000e8880000)
  to   space 13312K, 0% used [0x00000000e8980000,0x00000000e8980000,0x00000000e9680000)
 ParOldGen       total 90624K, used 40328K [0x00000000a0000000, 0x00000000a5880000, 0x00000000e0000000)
  object space 90624K, 44% used [0x00000000a0000000,0x00000000a27620e8,0x00000000a5880000)
 Metaspace       used 65078K, capacity 67162K, committed 67456K, reserved 1107968K
  class space    used 8960K, capacity 9475K, committed 9600K, reserved 1048576K
}

Deoptimization events (10 events):
Event: 38.075 Thread 0x000000001973c000 Uncommon trap: reason=class_check action=maybe_recompile pc=0x0000000002f4d958 method=java.util.concurrent.locks.ReentrantLock.lock()V @ 4
Event: 38.124 Thread 0x000000001953f800 Uncommon trap: reason=unstable_if action=reinterpret pc=0x0000000004029928 method=org.gradle.internal.logging.slf4j.OutputEventListenerBackedLogger.isLevelAtMost(Lorg/gradle/api/logging/LogLevel;)Z @ 11
Event: 38.145 Thread 0x000000001953f800 Uncommon trap: reason=unstable_if action=reinterpret pc=0x00000000040da7f0 method=com.esotericsoftware.kryo.io.Output.writeBytes([BII)V @ 61
Event: 38.145 Thread 0x000000001953f800 Uncommon trap: reason=unstable_if action=reinterpret pc=0x000000000398e6a4 method=com.esotericsoftware.kryo.io.Output.writeBytes([BII)V @ 61
Event: 38.145 Thread 0x000000001953f800 Uncommon trap: reason=unstable_if action=reinterpret pc=0x0000000003989e58 method=com.esotericsoftware.kryo.io.Output.writeBytes([BII)V @ 61
Event: 38.207 Thread 0x0000000019540800 Uncommon trap: reason=unstable_if action=reinterpret pc=0x0000000003e6a028 method=com.esotericsoftware.kryo.io.Input.require(I)I @ 117
Event: 38.221 Thread 0x000000001953f800 Uncommon trap: reason=unstable_if action=reinterpret pc=0x00000000035f9124 method=java.util.HashMap$HashIterator.<init>(Ljava/util/HashMap;)V @ 45
Event: 38.221 Thread 0x000000001953f800 Uncommon trap: reason=unstable_if action=reinterpret pc=0x0000000003730094 method=java.util.HashMap$HashIterator.<init>(Ljava/util/HashMap;)V @ 45
Event: 46.461 Thread 0x000000001f9f2800 Uncommon trap: reason=unstable_if action=reinterpret pc=0x00000000033b2544 method=com.esotericsoftware.kryo.io.Input.readUtf8(I)V @ 79
Event: 47.182 Thread 0x0000000019180800 Uncommon trap: reason=unstable_if action=reinterpret pc=0x0000000003ed98d8 method=org.gradle.internal.hash.HashCode.equals(Ljava/lang/Object;)Z @ 2

Classes redefined (0 events):
No events

Internal exceptions (10 events):
Event: 47.408 Thread 0x0000000019180800 Exception <a 'sun/nio/fs/WindowsException'> (0x00000000e12cc2f0) thrown at [C:\re\workspace\8-2-build-windows-amd64-cygwin\jdk8u201\12322\hotspot\src\share\vm\prims\jni.cpp, line 709]
Event: 47.408 Thread 0x0000000019180800 Exception <a 'sun/nio/fs/WindowsException'> (0x00000000e12cd040) thrown at [C:\re\workspace\8-2-build-windows-amd64-cygwin\jdk8u201\12322\hotspot\src\share\vm\prims\jni.cpp, line 709]
Event: 47.409 Thread 0x0000000019180800 Exception <a 'sun/nio/fs/WindowsException'> (0x00000000e12d0700) thrown at [C:\re\workspace\8-2-build-windows-amd64-cygwin\jdk8u201\12322\hotspot\src\share\vm\prims\jni.cpp, line 709]
Event: 47.409 Thread 0x0000000019180800 Exception <a 'sun/nio/fs/WindowsException'> (0x00000000e12d1480) thrown at [C:\re\workspace\8-2-build-windows-amd64-cygwin\jdk8u201\12322\hotspot\src\share\vm\prims\jni.cpp, line 709]
Event: 47.410 Thread 0x0000000019180800 Exception <a 'sun/nio/fs/WindowsException'> (0x00000000e12d3600) thrown at [C:\re\workspace\8-2-build-windows-amd64-cygwin\jdk8u201\12322\hotspot\src\share\vm\prims\jni.cpp, line 709]
Event: 47.410 Thread 0x0000000019180800 Exception <a 'sun/nio/fs/WindowsException'> (0x00000000e12d43c0) thrown at [C:\re\workspace\8-2-build-windows-amd64-cygwin\jdk8u201\12322\hotspot\src\share\vm\prims\jni.cpp, line 709]
Event: 47.412 Thread 0x0000000019180800 Exception <a 'sun/nio/fs/WindowsException'> (0x00000000e12d8050) thrown at [C:\re\workspace\8-2-build-windows-amd64-cygwin\jdk8u201\12322\hotspot\src\share\vm\prims\jni.cpp, line 709]
Event: 47.412 Thread 0x0000000019180800 Exception <a 'sun/nio/fs/WindowsException'> (0x00000000e12d8d50) thrown at [C:\re\workspace\8-2-build-windows-amd64-cygwin\jdk8u201\12322\hotspot\src\share\vm\prims\jni.cpp, line 709]
Event: 47.412 Thread 0x0000000019180800 Exception <a 'sun/nio/fs/WindowsException'> (0x00000000e12dae58) thrown at [C:\re\workspace\8-2-build-windows-amd64-cygwin\jdk8u201\12322\hotspot\src\share\vm\prims\jni.cpp, line 709]
Event: 47.412 Thread 0x0000000019180800 Exception <a 'sun/nio/fs/WindowsException'> (0x00000000e12dbb98) thrown at [C:\re\workspace\8-2-build-windows-amd64-cygwin\jdk8u201\12322\hotspot\src\share\vm\prims\jni.cpp, line 709]

Events (10 events):
Event: 47.430 Thread 0x0000000016386800 flushing nmethod 0x0000000003826650
Event: 47.433 Thread 0x0000000016386800 flushing nmethod 0x0000000003a15dd0
Event: 47.439 Thread 0x0000000016386800 flushing nmethod 0x0000000003bba910
Event: 47.439 Thread 0x0000000016386800 flushing nmethod 0x0000000003be8490
Event: 47.439 Thread 0x0000000016386800 flushing nmethod 0x0000000003c13790
Event: 47.439 Thread 0x0000000016386800 flushing nmethod 0x0000000003c28b90
Event: 47.439 Thread 0x0000000016386800 flushing nmethod 0x0000000003c3b510
Event: 47.439 Thread 0x0000000016386800 flushing nmethod 0x0000000003c740d0
Event: 47.463 loading class kotlin/reflect/jvm/internal/pcollections/ConsPStack$Itr
Event: 47.463 loading class kotlin/reflect/jvm/internal/pcollections/ConsPStack$Itr done


Dynamic libraries:
0x00007ff610040000 - 0x00007ff610077000 	C:\Program Files\Java\jdk1.8.0_201\bin\java.exe
0x00007ffe9d200000 - 0x00007ffe9d3e1000 	C:\WINDOWS\SYSTEM32\ntdll.dll
0x00007ffe77510000 - 0x00007ffe77522000 	C:\Program Files\AVAST Software\Avast\aswhook.dll
0x00007ffe9b400000 - 0x00007ffe9b4b2000 	C:\WINDOWS\System32\KERNEL32.DLL
0x00007ffe99fd0000 - 0x00007ffe9a243000 	C:\WINDOWS\System32\KERNELBASE.dll
0x00007ffe9a740000 - 0x00007ffe9a7e1000 	C:\WINDOWS\System32\ADVAPI32.dll
0x00007ffe9cde0000 - 0x00007ffe9ce7e000 	C:\WINDOWS\System32\msvcrt.dll
0x00007ffe9a7f0000 - 0x00007ffe9a84b000 	C:\WINDOWS\System32\sechost.dll
0x00007ffe9d020000 - 0x00007ffe9d144000 	C:\WINDOWS\System32\RPCRT4.dll
0x00007ffe9ad90000 - 0x00007ffe9af20000 	C:\WINDOWS\System32\USER32.dll
0x00007ffe9a300000 - 0x00007ffe9a320000 	C:\WINDOWS\System32\win32u.dll
0x00007ffe9af20000 - 0x00007ffe9af48000 	C:\WINDOWS\System32\GDI32.dll
0x00007ffe9a4f0000 - 0x00007ffe9a682000 	C:\WINDOWS\System32\gdi32full.dll
0x00007ffe9a450000 - 0x00007ffe9a4ef000 	C:\WINDOWS\System32\msvcp_win.dll
0x00007ffe99ed0000 - 0x00007ffe99fca000 	C:\WINDOWS\System32\ucrtbase.dll
0x00007ffe8a120000 - 0x00007ffe8a389000 	C:\WINDOWS\WinSxS\amd64_microsoft.windows.common-controls_6595b64144ccf1df_6.0.17134.590_none_fb3d9bff3069e088\COMCTL32.dll
0x00007ffe9af50000 - 0x00007ffe9b272000 	C:\WINDOWS\System32\combase.dll
0x00007ffe9a320000 - 0x00007ffe9a39a000 	C:\WINDOWS\System32\bcryptPrimitives.dll
0x00007ffe9cdb0000 - 0x00007ffe9cddd000 	C:\WINDOWS\System32\IMM32.DLL
0x0000000068d70000 - 0x0000000068e41000 	C:\Program Files\Java\jdk1.8.0_201\jre\bin\msvcr100.dll
0x00000000684c0000 - 0x0000000068d64000 	C:\Program Files\Java\jdk1.8.0_201\jre\bin\server\jvm.dll
0x00007ffe9b7f0000 - 0x00007ffe9b7f8000 	C:\WINDOWS\System32\PSAPI.DLL
0x00007ffe78820000 - 0x00007ffe78829000 	C:\WINDOWS\SYSTEM32\WSOCK32.dll
0x00007ffe9b520000 - 0x00007ffe9b58c000 	C:\WINDOWS\System32\WS2_32.dll
0x00007ffe94f20000 - 0x00007ffe94f43000 	C:\WINDOWS\SYSTEM32\WINMM.dll
0x00007ffe8dcc0000 - 0x00007ffe8dcca000 	C:\WINDOWS\SYSTEM32\VERSION.dll
0x00007ffe94ef0000 - 0x00007ffe94f1a000 	C:\WINDOWS\SYSTEM32\WINMMBASE.dll
0x00007ffe9a250000 - 0x00007ffe9a299000 	C:\WINDOWS\System32\cfgmgr32.dll
0x00007ffe94ae0000 - 0x00007ffe94aef000 	C:\Program Files\Java\jdk1.8.0_201\jre\bin\verify.dll
0x00007ffe93330000 - 0x00007ffe93359000 	C:\Program Files\Java\jdk1.8.0_201\jre\bin\java.dll
0x00007ffe93310000 - 0x00007ffe93326000 	C:\Program Files\Java\jdk1.8.0_201\jre\bin\zip.dll
0x00007ffe9b800000 - 0x00007ffe9cc40000 	C:\WINDOWS\System32\SHELL32.dll
0x00007ffe9a690000 - 0x00007ffe9a739000 	C:\WINDOWS\System32\shcore.dll
0x00007ffe995d0000 - 0x00007ffe99cdd000 	C:\WINDOWS\System32\windows.storage.dll
0x00007ffe9b4c0000 - 0x00007ffe9b511000 	C:\WINDOWS\System32\shlwapi.dll
0x00007ffe99560000 - 0x00007ffe99571000 	C:\WINDOWS\System32\kernel.appcore.dll
0x00007ffe995b0000 - 0x00007ffe995cf000 	C:\WINDOWS\System32\profapi.dll
0x00007ffe99510000 - 0x00007ffe9955c000 	C:\WINDOWS\System32\powrprof.dll
0x00007ffe995a0000 - 0x00007ffe995aa000 	C:\WINDOWS\System32\FLTLIB.DLL
0x00007ffe932f0000 - 0x00007ffe9330a000 	C:\Program Files\Java\jdk1.8.0_201\jre\bin\net.dll
0x00007ffe8b660000 - 0x00007ffe8b829000 	C:\WINDOWS\SYSTEM32\urlmon.dll
0x00007ffe8ba40000 - 0x00007ffe8bce5000 	C:\WINDOWS\SYSTEM32\iertutil.dll
0x00007ffe98f00000 - 0x00007ffe98f0b000 	C:\WINDOWS\SYSTEM32\CRYPTBASE.DLL
0x00007ffe98d30000 - 0x00007ffe98d96000 	C:\WINDOWS\system32\mswsock.dll
0x00007ffe932d0000 - 0x00007ffe932e1000 	C:\Program Files\Java\jdk1.8.0_201\jre\bin\nio.dll
0x00007ffe93360000 - 0x00007ffe9337e000 	C:\Users\HP\.gradle\native\25\windows-amd64\native-platform.dll
0x00007ffe932c0000 - 0x00007ffe932cd000 	C:\Program Files\Java\jdk1.8.0_201\jre\bin\management.dll
0x00007ffe98ee0000 - 0x00007ffe98ef7000 	C:\WINDOWS\SYSTEM32\CRYPTSP.dll
0x00007ffe98910000 - 0x00007ffe98943000 	C:\WINDOWS\system32\rsaenh.dll
0x00007ffe99010000 - 0x00007ffe99035000 	C:\WINDOWS\SYSTEM32\bcrypt.dll
0x00007ffe99440000 - 0x00007ffe99468000 	C:\WINDOWS\SYSTEM32\USERENV.dll
0x00007ffe98ab0000 - 0x00007ffe98ae8000 	C:\WINDOWS\SYSTEM32\IPHLPAPI.DLL
0x00007ffe9cda0000 - 0x00007ffe9cda8000 	C:\WINDOWS\System32\NSI.dll
0x00007ffe8f8a0000 - 0x00007ffe8f8b6000 	C:\WINDOWS\SYSTEM32\dhcpcsvc6.DLL
0x00007ffe8f550000 - 0x00007ffe8f56a000 	C:\WINDOWS\SYSTEM32\dhcpcsvc.DLL

VM Arguments:
jvm_args: -Xmx1536m -Dfile.encoding=windows-1252 -Duser.country=US -Duser.language=en -Duser.variant 
java_command: org.gradle.launcher.daemon.bootstrap.GradleDaemon 4.10.1
java_class_path (initial): C:\Users\HP\.gradle\wrapper\dists\gradle-4.10.1-all\455itskqi2qtf0v2sja68alqd\gradle-4.10.1\lib\gradle-launcher-4.10.1.jar
Launcher Type: SUN_STANDARD

Environment Variables:
JAVA_HOME=C:\Program Files\Java\jdk1.8.0_201
PATH=C:\Program Files (x86)\Common Files\Oracle\Java\javapath;C:\Program Files (x86)\Common Files\ArcSoft\Bin;C:\Program Files (x86)\Intel\iCLS Client\;C:\Program Files\Intel\iCLS Client\;C:\WINDOWS\system32;C:\WINDOWS;C:\WINDOWS\System32\Wbem;C:\WINDOWS\System32\WindowsPowerShell\v1.0\;C:\Program Files (x86)\Intel\Intel(R) Management Engine Components\DAL;C:\Program Files\Intel\Intel(R) Management Engine Components\DAL;C:\Program Files (x86)\Intel\Intel(R) Management Engine Components\IPT;C:\Program Files\Intel\Intel(R) Management Engine Components\IPT;c:\Program Files\Intel\WiFi\bin\;c:\Program Files\Common Files\Intel\WirelessCommon\;C:\Program Files (x86)\GtkSharp\2.12\bin;C:\WINDOWS\System32\OpenSSH\;C:\Users\HP\AppData\Local\Android\Sdk;C:\Program Files\Java\jdk1.8.0_201bin;C:\Program Files\Java\jdk1.8.0_201\bin;C:\Program Files\Java\jre1.8.0_201\bin;C:\Program Files\Git\cmd;C:\Program Files\Java\jdk1.8.0_201\bin;C:\Users\HP\AppData\Local\Microsoft\WindowsApps;
USERNAME=HP
OS=Windows_NT
PROCESSOR_IDENTIFIER=Intel64 Family 6 Model 61 Stepping 4, GenuineIntel



---------------  S Y S T E M  ---------------

OS: Windows 10.0 , 64 bit Build 17134 (10.0.17134.556)

CPU:total 4 (initial active 4) (2 cores per cpu, 2 threads per core) family 6 model 61 stepping 4, cmov, cx8, fxsr, mmx, sse, sse2, sse3, ssse3, sse4.1, sse4.2, popcnt, avx, avx2, aes, clmul, erms, 3dnowpref, lzcnt, ht, tsc, tscinvbit, bmi1, bmi2, adx

Memory: 4k page, physical 4082796k(268192k free), swap 4082796k(5352k free)

vm_info: Java HotSpot(TM) 64-Bit Server VM (25.201-b09) for windows-amd64 JRE (1.8.0_201-b09), built on Dec 15 2018 18:36:39 by "java_re" with MS VC++ 10.0 (VS2010)

time: Sun Mar 03 15:40:50 2019
timezone: Bangladesh Standard Time
elapsed time: 47 seconds (0d 0h 0m 47s)

