#
# There is insufficient memory for the Java Runtime Environment to continue.
# Native memory allocation (malloc) failed to allocate 588976 bytes for Chunk::new
# Possible reasons:
#   The system is out of physical RAM or swap space
#   The process is running with CompressedOops enabled, and the Java Heap may be blocking the growth of the native heap
# Possible solutions:
#   Reduce memory load on the system
#   Increase physical memory or swap space
#   Check if swap backing store is full
#   Decrease Java heap size (-Xmx/-Xms)
#   Decrease number of Java threads
#   Decrease Java thread stack sizes (-Xss)
#   Set larger code cache with -XX:ReservedCodeCacheSize=
#   JVM is running with Unscaled Compressed Oops mode in which the Java heap is
#     placed in the first 4GB address space. The Java Heap base address is the
#     maximum limit for the native heap growth. Please use -XX:HeapBaseMinAddress
#     to set the Java Heap base and to place the Java Heap above 4GB virtual address.
# This output file may be truncated or incomplete.
#
#  Out of Memory Error (allocation.cpp:390), pid=12688, tid=0x0000000000001390
#
# JRE version: Java(TM) SE Runtime Environment (8.0_201-b09) (build 1.8.0_201-b09)
# Java VM: Java HotSpot(TM) 64-Bit Server VM (25.201-b09 mixed mode windows-amd64 compressed oops)
# Failed to write core dump. Minidumps are not enabled by default on client versions of Windows
#

---------------  T H R E A D  ---------------

Current thread (0x000000000270b000):  JavaThread "C2 CompilerThread1" daemon [_thread_in_native, id=5008, stack(0x00000000177e0000,0x00000000178e0000)]

Stack: [0x00000000177e0000,0x00000000178e0000]
[error occurred during error reporting (printing stack bounds), id 0xc0000005]

Native frames: (J=compiled Java code, j=interpreted, Vv=VM code, C=native code)


Current CompileTask:
C2:  34984 4566       4       com.sun.beans.TypeResolver::resolve (37 bytes)


---------------  P R O C E S S  ---------------

Java Threads: ( => current thread )
  0x000000001d9ce000 JavaThread "Build operations Thread 4" [_thread_blocked, id=6548, stack(0x000000001f740000,0x000000001f840000)]
  0x000000001d9cd800 JavaThread "Build operations Thread 3" [_thread_blocked, id=11920, stack(0x000000001f640000,0x000000001f740000)]
  0x00000000185ab800 JavaThread "Build operations Thread 2" [_thread_blocked, id=12984, stack(0x000000001f540000,0x000000001f640000)]
  0x00000000185a9000 JavaThread "Build operations" [_thread_blocked, id=11756, stack(0x000000001f440000,0x000000001f540000)]
  0x00000000185aa000 JavaThread "Cache worker for Artifact transforms cache (C:\Users\HP\.gradle\caches\transforms-1)" [_thread_blocked, id=6472, stack(0x000000001f340000,0x000000001f440000)]
  0x00000000185a8800 JavaThread "Cache worker for cache directory md-rule (C:\Users\HP\.gradle\caches\4.10.1\md-rule)" [_thread_blocked, id=13556, stack(0x000000001f240000,0x000000001f340000)]
  0x00000000185ad800 JavaThread "Cache worker for cache directory md-supplier (C:\Users\HP\.gradle\caches\4.10.1\md-supplier)" [_thread_blocked, id=2236, stack(0x000000001e420000,0x000000001e520000)]
  0x00000000185a7000 JavaThread "Cache worker for journal cache (C:\Users\HP\.gradle\caches\journal-1)" [_thread_blocked, id=4988, stack(0x000000001d280000,0x000000001d380000)]
  0x00000000185aa800 JavaThread "Cache worker for file hash cache (H:\AndroidStudioProjects\DataEntry\.gradle\4.10.1\fileHashes)" [_thread_blocked, id=7880, stack(0x000000001d080000,0x000000001d180000)]
  0x00000000185ad000 JavaThread "File lock request listener" [_thread_in_native, id=11532, stack(0x000000001bc00000,0x000000001bd00000)]
  0x00000000185ac000 JavaThread "Cache worker for file hash cache (C:\Users\HP\.gradle\caches\4.10.1\fileHashes)" [_thread_blocked, id=12536, stack(0x000000001bb00000,0x000000001bc00000)]
  0x0000000018647000 JavaThread "Stdin handler" [_thread_blocked, id=14356, stack(0x000000001a830000,0x000000001a930000)]
  0x000000001863b800 JavaThread "Asynchronous log dispatcher for DefaultDaemonConnection: socket connection from /127.0.0.1:13992 to /127.0.0.1:13993" [_thread_blocked, id=6108, stack(0x000000001a730000,0x000000001a830000)]
  0x0000000018636800 JavaThread "Daemon worker" [_thread_in_Java, id=12156, stack(0x000000001a630000,0x000000001a730000)]
  0x0000000018636000 JavaThread "Cancel handler" [_thread_blocked, id=9344, stack(0x000000001a530000,0x000000001a630000)]
  0x0000000017c9a000 JavaThread "Handler for socket connection from /127.0.0.1:13992 to /127.0.0.1:13993" [_thread_in_native, id=15172, stack(0x000000001a230000,0x000000001a330000)]
  0x0000000017c99800 JavaThread "Daemon" [_thread_blocked, id=9932, stack(0x000000001a130000,0x000000001a230000)]
  0x000000001845c000 JavaThread "Daemon periodic checks" [_thread_blocked, id=9372, stack(0x000000001a030000,0x000000001a130000)]
  0x0000000019167800 JavaThread "Incoming local TCP Connector on port 13992" [_thread_in_native, id=4376, stack(0x0000000019df0000,0x0000000019ef0000)]
  0x0000000018ae8800 JavaThread "Daemon health stats" [_thread_blocked, id=13880, stack(0x00000000197b0000,0x00000000198b0000)]
  0x00000000160dc000 JavaThread "Service Thread" daemon [_thread_blocked, id=7800, stack(0x0000000017de0000,0x0000000017ee0000)]
  0x00000000160cc800 JavaThread "C1 CompilerThread2" daemon [_thread_blocked, id=5264, stack(0x00000000178e0000,0x00000000179e0000)]
=>0x000000000270b000 JavaThread "C2 CompilerThread1" daemon [_thread_in_native, id=5008, stack(0x00000000177e0000,0x00000000178e0000)]
  0x000000001608a800 JavaThread "C2 CompilerThread0" daemon [_thread_blocked, id=6616, stack(0x00000000176e0000,0x00000000177e0000)]
  0x0000000016088800 JavaThread "Attach Listener" daemon [_thread_blocked, id=14888, stack(0x00000000175e0000,0x00000000176e0000)]
  0x0000000016087000 JavaThread "Signal Dispatcher" daemon [_thread_blocked, id=2184, stack(0x00000000174e0000,0x00000000175e0000)]
  0x0000000002705000 JavaThread "Finalizer" daemon [_thread_blocked, id=9108, stack(0x00000000172f0000,0x00000000173f0000)]
  0x0000000002702000 JavaThread "Reference Handler" daemon [_thread_blocked, id=11996, stack(0x00000000171f0000,0x00000000172f0000)]
  0x000000000250e000 JavaThread "main" [_thread_blocked, id=12116, stack(0x0000000002510000,0x0000000002610000)]

Other Threads:
  0x0000000016047800 VMThread [stack: 0x00000000170f0000,0x00000000171f0000] [id=11884]
  0x00000000179fb800 WatcherThread [stack: 0x0000000017ee0000,0x0000000017fe0000] [id=2524]

VM state:not at safepoint (normal execution)

VM Mutex/Monitor currently owned by a thread: None

heap address: 0x00000000a0000000, size: 1536 MB, Compressed Oops mode: 32-bit
Narrow klass base: 0x0000000000000000, Narrow klass shift: 3
Compressed class space size: 1073741824 Address: 0x0000000100000000

Heap:
 PSYoungGen      total 80896K, used 15624K [0x00000000e0000000, 0x00000000e5600000, 0x0000000100000000)
  eden space 73728K, 21% used [0x00000000e0000000,0x00000000e0f42080,0x00000000e4800000)
  from space 7168K, 0% used [0x00000000e4800000,0x00000000e4800000,0x00000000e4f00000)
  to   space 6144K, 0% used [0x00000000e5000000,0x00000000e5000000,0x00000000e5600000)
 ParOldGen       total 29696K, used 26991K [0x00000000a0000000, 0x00000000a1d00000, 0x00000000e0000000)
  object space 29696K, 90% used [0x00000000a0000000,0x00000000a1a5beb8,0x00000000a1d00000)
 Metaspace       used 50895K, capacity 52022K, committed 52224K, reserved 1097728K
  class space    used 7047K, capacity 7388K, committed 7424K, reserved 1048576K

Card table byte_map: [0x0000000011ad0000,0x0000000011de0000] byte_map_base: 0x00000000115d0000

Marking Bits: (ParMarkBitMap*) 0x0000000068ce4ce0
 Begin Bits: [0x00000000123e0000, 0x0000000013be0000)
 End Bits:   [0x0000000013be0000, 0x00000000153e0000)

Polling page: 0x0000000000a20000

CodeCache: size=245760Kb used=14442Kb max_used=14447Kb free=231318Kb
 bounds [0x0000000002710000, 0x0000000003540000, 0x0000000011710000]
 total_blobs=5001 nmethods=4228 adapters=684
 compilation: enabled

Compilation events (10 events):
Event: 34.815 Thread 0x00000000160cc800 4622       3       kotlin.text.StringsKt__StringsJVMKt::startsWith$default (15 bytes)
Event: 34.816 Thread 0x00000000160cc800 nmethod 4622 0x0000000002f60390 code [0x0000000002f60500, 0x0000000002f606a8]
Event: 34.816 Thread 0x00000000160cc800 4623       3       kotlin.text.StringsKt__StringsJVMKt::startsWith (36 bytes)
Event: 34.817 Thread 0x00000000160cc800 nmethod 4623 0x0000000002f5f950 code [0x0000000002f5fb00, 0x0000000002f60118]
Event: 34.903 Thread 0x00000000160cc800 4624       3       kotlin.reflect.jvm.internal.pcollections.IntTree::get (60 bytes)
Event: 34.903 Thread 0x00000000160cc800 nmethod 4624 0x0000000002f5f2d0 code [0x0000000002f5f460, 0x0000000002f5f838]
Event: 34.925 Thread 0x000000001608a800 4625       4       sun.misc.URLClassPath$JarLoader$2::getCodeSourceURL (8 bytes)
Event: 34.926 Thread 0x000000001608a800 nmethod 4625 0x0000000003516fd0 code [0x0000000003517100, 0x0000000003517178]
Event: 34.931 Thread 0x000000001608a800 4626       4       java.util.jar.Manifest::getTrustedAttributes (57 bytes)
Event: 34.947 Thread 0x000000001608a800 nmethod 4626 0x0000000002f5d1d0 code [0x0000000002f5d340, 0x0000000002f5d8e8]

GC Heap History (10 events):
Event: 26.179 GC heap before
{Heap before GC invocations=14 (full 1):
 PSYoungGen      total 79872K, used 65173K [0x00000000e0000000, 0x00000000e5600000, 0x0000000100000000)
  eden space 73728K, 82% used [0x00000000e0000000,0x00000000e3b23078,0x00000000e4800000)
  from space 6144K, 75% used [0x00000000e5000000,0x00000000e5482520,0x00000000e5600000)
  to   space 7168K, 0% used [0x00000000e4800000,0x00000000e4800000,0x00000000e4f00000)
 ParOldGen       total 29696K, used 9573K [0x00000000a0000000, 0x00000000a1d00000, 0x00000000e0000000)
  object space 29696K, 32% used [0x00000000a0000000,0x00000000a09597b0,0x00000000a1d00000)
 Metaspace       used 34791K, capacity 35314K, committed 35456K, reserved 1079296K
  class space    used 4972K, capacity 5189K, committed 5248K, reserved 1048576K
Event: 26.193 GC heap after
Heap after GC invocations=14 (full 1):
 PSYoungGen      total 80896K, used 6790K [0x00000000e0000000, 0x00000000e5600000, 0x0000000100000000)
  eden space 73728K, 0% used [0x00000000e0000000,0x00000000e0000000,0x00000000e4800000)
  from space 7168K, 94% used [0x00000000e4800000,0x00000000e4ea1880,0x00000000e4f00000)
  to   space 6144K, 0% used [0x00000000e5000000,0x00000000e5000000,0x00000000e5600000)
 ParOldGen       total 29696K, used 11270K [0x00000000a0000000, 0x00000000a1d00000, 0x00000000e0000000)
  object space 29696K, 37% used [0x00000000a0000000,0x00000000a0b01988,0x00000000a1d00000)
 Metaspace       used 34791K, capacity 35314K, committed 35456K, reserved 1079296K
  class space    used 4972K, capacity 5189K, committed 5248K, reserved 1048576K
}
Event: 26.193 GC heap before
{Heap before GC invocations=15 (full 2):
 PSYoungGen      total 80896K, used 6790K [0x00000000e0000000, 0x00000000e5600000, 0x0000000100000000)
  eden space 73728K, 0% used [0x00000000e0000000,0x00000000e0000000,0x00000000e4800000)
  from space 7168K, 94% used [0x00000000e4800000,0x00000000e4ea1880,0x00000000e4f00000)
  to   space 6144K, 0% used [0x00000000e5000000,0x00000000e5000000,0x00000000e5600000)
 ParOldGen       total 29696K, used 11270K [0x00000000a0000000, 0x00000000a1d00000, 0x00000000e0000000)
  object space 29696K, 37% used [0x00000000a0000000,0x00000000a0b01988,0x00000000a1d00000)
 Metaspace       used 34791K, capacity 35314K, committed 35456K, reserved 1079296K
  class space    used 4972K, capacity 5189K, committed 5248K, reserved 1048576K
Event: 26.500 GC heap after
Heap after GC invocations=15 (full 2):
 PSYoungGen      total 80896K, used 0K [0x00000000e0000000, 0x00000000e5600000, 0x0000000100000000)
  eden space 73728K, 0% used [0x00000000e0000000,0x00000000e0000000,0x00000000e4800000)
  from space 7168K, 0% used [0x00000000e4800000,0x00000000e4800000,0x00000000e4f00000)
  to   space 6144K, 0% used [0x00000000e5000000,0x00000000e5000000,0x00000000e5600000)
 ParOldGen       total 29696K, used 17593K [0x00000000a0000000, 0x00000000a1d00000, 0x00000000e0000000)
  object space 29696K, 59% used [0x00000000a0000000,0x00000000a112e5c0,0x00000000a1d00000)
 Metaspace       used 34791K, capacity 35314K, committed 35456K, reserved 1079296K
  class space    used 4972K, capacity 5189K, committed 5248K, reserved 1048576K
}
Event: 29.230 GC heap before
{Heap before GC invocations=16 (full 2):
 PSYoungGen      total 80896K, used 73728K [0x00000000e0000000, 0x00000000e5600000, 0x0000000100000000)
  eden space 73728K, 100% used [0x00000000e0000000,0x00000000e4800000,0x00000000e4800000)
  from space 7168K, 0% used [0x00000000e4800000,0x00000000e4800000,0x00000000e4f00000)
  to   space 6144K, 0% used [0x00000000e5000000,0x00000000e5000000,0x00000000e5600000)
 ParOldGen       total 29696K, used 17593K [0x00000000a0000000, 0x00000000a1d00000, 0x00000000e0000000)
  object space 29696K, 59% used [0x00000000a0000000,0x00000000a112e5c0,0x00000000a1d00000)
 Metaspace       used 41997K, capacity 42668K, committed 43008K, reserved 1085440K
  class space    used 5801K, capacity 6028K, committed 6144K, reserved 1048576K
Event: 29.253 GC heap after
Heap after GC invocations=16 (full 2):
 PSYoungGen      total 79872K, used 6112K [0x00000000e0000000, 0x00000000e5600000, 0x0000000100000000)
  eden space 73728K, 0% used [0x00000000e0000000,0x00000000e0000000,0x00000000e4800000)
  from space 6144K, 99% used [0x00000000e5000000,0x00000000e55f8388,0x00000000e5600000)
  to   space 7168K, 0% used [0x00000000e4800000,0x00000000e4800000,0x00000000e4f00000)
 ParOldGen       total 29696K, used 22808K [0x00000000a0000000, 0x00000000a1d00000, 0x00000000e0000000)
  object space 29696K, 76% used [0x00000000a0000000,0x00000000a16460b0,0x00000000a1d00000)
 Metaspace       used 41997K, capacity 42668K, committed 43008K, reserved 1085440K
  class space    used 5801K, capacity 6028K, committed 6144K, reserved 1048576K
}
Event: 33.352 GC heap before
{Heap before GC invocations=17 (full 2):
 PSYoungGen      total 79872K, used 79840K [0x00000000e0000000, 0x00000000e5600000, 0x0000000100000000)
  eden space 73728K, 100% used [0x00000000e0000000,0x00000000e4800000,0x00000000e4800000)
  from space 6144K, 99% used [0x00000000e5000000,0x00000000e55f8388,0x00000000e5600000)
  to   space 7168K, 0% used [0x00000000e4800000,0x00000000e4800000,0x00000000e4f00000)
 ParOldGen       total 29696K, used 22808K [0x00000000a0000000, 0x00000000a1d00000, 0x00000000e0000000)
  object space 29696K, 76% used [0x00000000a0000000,0x00000000a16460b0,0x00000000a1d00000)
 Metaspace       used 49046K, capacity 49880K, committed 50048K, reserved 1093632K
  class space    used 6761K, capacity 7019K, committed 7040K, reserved 1048576K
Event: 33.379 GC heap after
Heap after GC invocations=17 (full 2):
 PSYoungGen      total 80896K, used 7145K [0x00000000e0000000, 0x00000000e5600000, 0x0000000100000000)
  eden space 73728K, 0% used [0x00000000e0000000,0x00000000e0000000,0x00000000e4800000)
  from space 7168K, 99% used [0x00000000e4800000,0x00000000e4efa700,0x00000000e4f00000)
  to   space 6144K, 0% used [0x00000000e5000000,0x00000000e5000000,0x00000000e5600000)
 ParOldGen       total 29696K, used 28963K [0x00000000a0000000, 0x00000000a1d00000, 0x00000000e0000000)
  object space 29696K, 97% used [0x00000000a0000000,0x00000000a1c48f38,0x00000000a1d00000)
 Metaspace       used 49046K, capacity 49880K, committed 50048K, reserved 1093632K
  class space    used 6761K, capacity 7019K, committed 7040K, reserved 1048576K
}
Event: 33.379 GC heap before
{Heap before GC invocations=18 (full 3):
 PSYoungGen      total 80896K, used 7145K [0x00000000e0000000, 0x00000000e5600000, 0x0000000100000000)
  eden space 73728K, 0% used [0x00000000e0000000,0x00000000e0000000,0x00000000e4800000)
  from space 7168K, 99% used [0x00000000e4800000,0x00000000e4efa700,0x00000000e4f00000)
  to   space 6144K, 0% used [0x00000000e5000000,0x00000000e5000000,0x00000000e5600000)
 ParOldGen       total 29696K, used 28963K [0x00000000a0000000, 0x00000000a1d00000, 0x00000000e0000000)
  object space 29696K, 97% used [0x00000000a0000000,0x00000000a1c48f38,0x00000000a1d00000)
 Metaspace       used 49046K, capacity 49880K, committed 50048K, reserved 1093632K
  class space    used 6761K, capacity 7019K, committed 7040K, reserved 1048576K
Event: 33.863 GC heap after
Heap after GC invocations=18 (full 3):
 PSYoungGen      total 80896K, used 0K [0x00000000e0000000, 0x00000000e5600000, 0x0000000100000000)
  eden space 73728K, 0% used [0x00000000e0000000,0x00000000e0000000,0x00000000e4800000)
  from space 7168K, 0% used [0x00000000e4800000,0x00000000e4800000,0x00000000e4f00000)
  to   space 6144K, 0% used [0x00000000e5000000,0x00000000e5000000,0x00000000e5600000)
 ParOldGen       total 29696K, used 26991K [0x00000000a0000000, 0x00000000a1d00000, 0x00000000e0000000)
  object space 29696K, 90% used [0x00000000a0000000,0x00000000a1a5beb8,0x00000000a1d00000)
 Metaspace       used 49046K, capacity 49880K, committed 50048K, reserved 1093632K
  class space    used 6761K, capacity 7019K, committed 7040K, reserved 1048576K
}

Deoptimization events (10 events):
Event: 28.034 Thread 0x0000000018636800 Uncommon trap: reason=unstable_if action=reinterpret pc=0x00000000030d4790 method=java.util.LinkedHashMap.get(Ljava/lang/Object;)Ljava/lang/Object; @ 20
Event: 28.115 Thread 0x0000000018636800 Uncommon trap: reason=unstable_if action=reinterpret pc=0x00000000031c05fc method=java.security.CodeSource.matchCerts(Ljava/security/CodeSource;Z)Z @ 11
Event: 28.201 Thread 0x0000000018636800 Uncommon trap: reason=unstable_if action=reinterpret pc=0x0000000002f041a8 method=org.objectweb.asm.ByteVector.putUTF8(Ljava/lang/String;)Lorg/objectweb/asm/ByteVector; @ 91
Event: 31.475 Thread 0x0000000018636800 Uncommon trap: reason=unstable_if action=reinterpret pc=0x0000000002cce2c4 method=sun.misc.MetaIndex.mayContain(Ljava/lang/String;)Z @ 38
Event: 31.498 Thread 0x0000000018636800 Uncommon trap: reason=unstable_if action=reinterpret pc=0x000000000299b694 method=sun.misc.MetaIndex.mayContain(Ljava/lang/String;)Z @ 38
Event: 32.159 Thread 0x0000000018636800 Uncommon trap: reason=unstable_if action=reinterpret pc=0x0000000002cca668 method=java.util.regex.Pattern$BmpCharProperty.match(Ljava/util/regex/Matcher;ILjava/lang/CharSequence;)Z @ 34
Event: 33.098 Thread 0x0000000018636800 Uncommon trap: reason=unstable_if action=reinterpret pc=0x00000000033e9d74 method=com.sun.org.apache.xerces.internal.impl.XMLEntityScanner.checkBeforeLoad(Lcom/sun/xml/internal/stream/Entity$ScannedEntity;II)I @ 18
Event: 33.125 Thread 0x0000000018636800 Uncommon trap: reason=unstable_if action=reinterpret pc=0x000000000342e128 method=com.sun.org.apache.xerces.internal.impl.XMLEntityScanner.scanContent(Lcom/sun/org/apache/xerces/internal/xni/XMLString;)I @ 44
Event: 33.318 Thread 0x0000000018636800 Uncommon trap: reason=unstable_if action=reinterpret pc=0x000000000329ae20 method=com.google.gson.stream.JsonReader.doPeek()I @ 315
Event: 34.630 Thread 0x0000000018636800 Uncommon trap: reason=class_check action=maybe_recompile pc=0x0000000003343ecc method=java.util.Collections$SynchronizedCollection.add(Ljava/lang/Object;)Z @ 12

Classes redefined (0 events):
No events

Internal exceptions (10 events):
Event: 32.888 Thread 0x0000000018636800 Exception <a 'sun/nio/fs/WindowsException'> (0x00000000e44d1cb0) thrown at [C:\re\workspace\8-2-build-windows-amd64-cygwin\jdk8u201\12322\hotspot\src\share\vm\prims\jni.cpp, line 709]
Event: 32.890 Thread 0x0000000018636800 Exception <a 'sun/nio/fs/WindowsException'> (0x00000000e44d5940) thrown at [C:\re\workspace\8-2-build-windows-amd64-cygwin\jdk8u201\12322\hotspot\src\share\vm\prims\jni.cpp, line 709]
Event: 32.891 Thread 0x0000000018636800 Exception <a 'sun/nio/fs/WindowsException'> (0x00000000e44d6640) thrown at [C:\re\workspace\8-2-build-windows-amd64-cygwin\jdk8u201\12322\hotspot\src\share\vm\prims\jni.cpp, line 709]
Event: 32.891 Thread 0x0000000018636800 Exception <a 'sun/nio/fs/WindowsException'> (0x00000000e44d8748) thrown at [C:\re\workspace\8-2-build-windows-amd64-cygwin\jdk8u201\12322\hotspot\src\share\vm\prims\jni.cpp, line 709]
Event: 32.891 Thread 0x0000000018636800 Exception <a 'sun/nio/fs/WindowsException'> (0x00000000e44d9488) thrown at [C:\re\workspace\8-2-build-windows-amd64-cygwin\jdk8u201\12322\hotspot\src\share\vm\prims\jni.cpp, line 709]
Event: 33.236 Thread 0x0000000018636800 Exception <a 'java/lang/NoSuchMethodError': java.lang.Object.lambda$comparing$77a9974f$1(Ljava/util/function/Function;Ljava/lang/Object;Ljava/lang/Object;)I> (0x00000000e4692210) thrown at [C:\re\workspace\8-2-build-windows-amd64-cygwin\jdk8u201\12322\hot
Event: 33.238 Thread 0x0000000018636800 Exception <a 'java/lang/NoSuchMethodError': java.lang.Object.lambda$thenComparing$36697e65$1(Ljava/util/Comparator;Ljava/lang/Object;Ljava/lang/Object;)I> (0x00000000e469da80) thrown at [C:\re\workspace\8-2-build-windows-amd64-cygwin\jdk8u201\12322\hotspo
Event: 33.883 Thread 0x0000000018636800 Exception <a 'java/lang/NoSuchMethodError': java.lang.Object.lambda$maxBy$1(Ljava/util/Comparator;Ljava/lang/Object;Ljava/lang/Object;)Ljava/lang/Object;> (0x00000000e000dfc0) thrown at [C:\re\workspace\8-2-build-windows-amd64-cygwin\jdk8u201\12322\hotspo
Event: 34.502 Thread 0x0000000018636800 Exception <a 'java/lang/ClassNotFoundException': org/gradle/api/plugins/BasePluginConventionBeanInfo> (0x00000000e06583c0) thrown at [C:\re\workspace\8-2-build-windows-amd64-cygwin\jdk8u201\12322\hotspot\src\share\vm\classfile\systemDictionary.cpp, line 2
Event: 34.503 Thread 0x0000000018636800 Exception <a 'java/lang/ClassNotFoundException': org/gradle/api/plugins/BasePluginConventionCustomizer> (0x00000000e067f338) thrown at [C:\re\workspace\8-2-build-windows-amd64-cygwin\jdk8u201\12322\hotspot\src\share\vm\classfile\systemDictionary.cpp, line

Events (10 events):
Event: 34.937 loading class kotlin/reflect/jvm/internal/impl/incremental/components/LookupLocation
Event: 34.937 loading class kotlin/reflect/jvm/internal/impl/incremental/components/LookupLocation done
Event: 34.938 loading class kotlin/reflect/jvm/internal/impl/descriptors/PackageFragmentDescriptor
Event: 34.938 loading class kotlin/reflect/jvm/internal/impl/descriptors/PackageFragmentDescriptor done
Event: 34.938 loading class kotlin/reflect/jvm/internal/impl/descriptors/ClassOrPackageFragmentDescriptor
Event: 34.938 loading class kotlin/reflect/jvm/internal/impl/descriptors/ClassOrPackageFragmentDescriptor done
Event: 34.939 loading class kotlin/reflect/jvm/internal/impl/descriptors/deserialization/PlatformDependentDeclarationFilter
Event: 34.939 loading class kotlin/reflect/jvm/internal/impl/descriptors/deserialization/PlatformDependentDeclarationFilter done
Event: 34.941 loading class kotlin/reflect/jvm/internal/impl/builtins/ReflectionTypesKt
Event: 34.941 loading class kotlin/reflect/jvm/internal/impl/builtins/ReflectionTypesKt done


Dynamic libraries:
0x00007ff77a950000 - 0x00007ff77a987000 	C:\Program Files\Java\jdk1.8.0_201\bin\java.exe
0x00007ffe9d200000 - 0x00007ffe9d3e1000 	C:\WINDOWS\SYSTEM32\ntdll.dll
0x00007ffe77510000 - 0x00007ffe77522000 	C:\Program Files\AVAST Software\Avast\aswhook.dll
0x00007ffe9b400000 - 0x00007ffe9b4b2000 	C:\WINDOWS\System32\KERNEL32.DLL
0x00007ffe99fd0000 - 0x00007ffe9a243000 	C:\WINDOWS\System32\KERNELBASE.dll
0x00007ffe9a740000 - 0x00007ffe9a7e1000 	C:\WINDOWS\System32\ADVAPI32.dll
0x00007ffe9cde0000 - 0x00007ffe9ce7e000 	C:\WINDOWS\System32\msvcrt.dll
0x00007ffe9a7f0000 - 0x00007ffe9a84b000 	C:\WINDOWS\System32\sechost.dll
0x00007ffe9d020000 - 0x00007ffe9d144000 	C:\WINDOWS\System32\RPCRT4.dll
0x00007ffe9ad90000 - 0x00007ffe9af20000 	C:\WINDOWS\System32\USER32.dll
0x00007ffe9a300000 - 0x00007ffe9a320000 	C:\WINDOWS\System32\win32u.dll
0x00007ffe9af20000 - 0x00007ffe9af48000 	C:\WINDOWS\System32\GDI32.dll
0x00007ffe9a4f0000 - 0x00007ffe9a682000 	C:\WINDOWS\System32\gdi32full.dll
0x00007ffe9a450000 - 0x00007ffe9a4ef000 	C:\WINDOWS\System32\msvcp_win.dll
0x00007ffe99ed0000 - 0x00007ffe99fca000 	C:\WINDOWS\System32\ucrtbase.dll
0x00007ffe8a120000 - 0x00007ffe8a389000 	C:\WINDOWS\WinSxS\amd64_microsoft.windows.common-controls_6595b64144ccf1df_6.0.17134.590_none_fb3d9bff3069e088\COMCTL32.dll
0x00007ffe9af50000 - 0x00007ffe9b272000 	C:\WINDOWS\System32\combase.dll
0x00007ffe9a320000 - 0x00007ffe9a39a000 	C:\WINDOWS\System32\bcryptPrimitives.dll
0x00007ffe9cdb0000 - 0x00007ffe9cddd000 	C:\WINDOWS\System32\IMM32.DLL
0x0000000068d70000 - 0x0000000068e41000 	C:\Program Files\Java\jdk1.8.0_201\jre\bin\msvcr100.dll
0x00000000684c0000 - 0x0000000068d64000 	C:\Program Files\Java\jdk1.8.0_201\jre\bin\server\jvm.dll
0x00007ffe9b7f0000 - 0x00007ffe9b7f8000 	C:\WINDOWS\System32\PSAPI.DLL
0x00007ffe78820000 - 0x00007ffe78829000 	C:\WINDOWS\SYSTEM32\WSOCK32.dll
0x00007ffe9b520000 - 0x00007ffe9b58c000 	C:\WINDOWS\System32\WS2_32.dll
0x00007ffe94f20000 - 0x00007ffe94f43000 	C:\WINDOWS\SYSTEM32\WINMM.dll
0x00007ffe8dcc0000 - 0x00007ffe8dcca000 	C:\WINDOWS\SYSTEM32\VERSION.dll
0x00007ffe94ef0000 - 0x00007ffe94f1a000 	C:\WINDOWS\SYSTEM32\WINMMBASE.dll
0x00007ffe9a250000 - 0x00007ffe9a299000 	C:\WINDOWS\System32\cfgmgr32.dll
0x00007ffe94920000 - 0x00007ffe9492f000 	C:\Program Files\Java\jdk1.8.0_201\jre\bin\verify.dll
0x00007ffe90e50000 - 0x00007ffe90e79000 	C:\Program Files\Java\jdk1.8.0_201\jre\bin\java.dll
0x00007ffe911b0000 - 0x00007ffe911c6000 	C:\Program Files\Java\jdk1.8.0_201\jre\bin\zip.dll
0x00007ffe9b800000 - 0x00007ffe9cc40000 	C:\WINDOWS\System32\SHELL32.dll
0x00007ffe9a690000 - 0x00007ffe9a739000 	C:\WINDOWS\System32\shcore.dll
0x00007ffe995d0000 - 0x00007ffe99cdd000 	C:\WINDOWS\System32\windows.storage.dll
0x00007ffe9b4c0000 - 0x00007ffe9b511000 	C:\WINDOWS\System32\shlwapi.dll
0x00007ffe99560000 - 0x00007ffe99571000 	C:\WINDOWS\System32\kernel.appcore.dll
0x00007ffe995b0000 - 0x00007ffe995cf000 	C:\WINDOWS\System32\profapi.dll
0x00007ffe99510000 - 0x00007ffe9955c000 	C:\WINDOWS\System32\powrprof.dll
0x00007ffe995a0000 - 0x00007ffe995aa000 	C:\WINDOWS\System32\FLTLIB.DLL
0x00007ffe8d8f0000 - 0x00007ffe8d90a000 	C:\Program Files\Java\jdk1.8.0_201\jre\bin\net.dll
0x00007ffe8b660000 - 0x00007ffe8b829000 	C:\WINDOWS\SYSTEM32\urlmon.dll
0x00007ffe8ba40000 - 0x00007ffe8bce5000 	C:\WINDOWS\SYSTEM32\iertutil.dll
0x00007ffe98f00000 - 0x00007ffe98f0b000 	C:\WINDOWS\SYSTEM32\CRYPTBASE.DLL
0x00007ffe98d30000 - 0x00007ffe98d96000 	C:\WINDOWS\system32\mswsock.dll
0x00007ffe8c790000 - 0x00007ffe8c7a1000 	C:\Program Files\Java\jdk1.8.0_201\jre\bin\nio.dll
0x00007ffe927c0000 - 0x00007ffe927de000 	C:\Users\HP\.gradle\native\25\windows-amd64\native-platform.dll
0x00007ffe940d0000 - 0x00007ffe940dd000 	C:\Program Files\Java\jdk1.8.0_201\jre\bin\management.dll
0x00007ffe98ee0000 - 0x00007ffe98ef7000 	C:\WINDOWS\SYSTEM32\CRYPTSP.dll
0x00007ffe98910000 - 0x00007ffe98943000 	C:\WINDOWS\system32\rsaenh.dll
0x00007ffe99010000 - 0x00007ffe99035000 	C:\WINDOWS\SYSTEM32\bcrypt.dll
0x00007ffe99440000 - 0x00007ffe99468000 	C:\WINDOWS\SYSTEM32\USERENV.dll
0x00007ffe98ab0000 - 0x00007ffe98ae8000 	C:\WINDOWS\SYSTEM32\IPHLPAPI.DLL
0x00007ffe9cda0000 - 0x00007ffe9cda8000 	C:\WINDOWS\System32\NSI.dll
0x00007ffe8f8a0000 - 0x00007ffe8f8b6000 	C:\WINDOWS\SYSTEM32\dhcpcsvc6.DLL
0x00007ffe8f550000 - 0x00007ffe8f56a000 	C:\WINDOWS\SYSTEM32\dhcpcsvc.DLL

VM Arguments:
jvm_args: -Xmx1536m -Dfile.encoding=windows-1252 -Duser.country=US -Duser.language=en -Duser.variant 
java_command: org.gradle.launcher.daemon.bootstrap.GradleDaemon 4.10.1
java_class_path (initial): C:\Users\HP\.gradle\wrapper\dists\gradle-4.10.1-all\455itskqi2qtf0v2sja68alqd\gradle-4.10.1\lib\gradle-launcher-4.10.1.jar
Launcher Type: SUN_STANDARD

Environment Variables:
JAVA_HOME=C:\Program Files\Java\jdk1.8.0_201
PATH=C:\Program Files (x86)\Common Files\Oracle\Java\javapath;C:\Program Files (x86)\Common Files\ArcSoft\Bin;C:\Program Files (x86)\Intel\iCLS Client\;C:\Program Files\Intel\iCLS Client\;C:\WINDOWS\system32;C:\WINDOWS;C:\WINDOWS\System32\Wbem;C:\WINDOWS\System32\WindowsPowerShell\v1.0\;C:\Program Files (x86)\Intel\Intel(R) Management Engine Components\DAL;C:\Program Files\Intel\Intel(R) Management Engine Components\DAL;C:\Program Files (x86)\Intel\Intel(R) Management Engine Components\IPT;C:\Program Files\Intel\Intel(R) Management Engine Components\IPT;c:\Program Files\Intel\WiFi\bin\;c:\Program Files\Common Files\Intel\WirelessCommon\;C:\Program Files (x86)\GtkSharp\2.12\bin;C:\WINDOWS\System32\OpenSSH\;C:\Users\HP\AppData\Local\Android\Sdk;C:\Program Files\Java\jdk1.8.0_201bin;C:\Program Files\Java\jdk1.8.0_201\bin;C:\Program Files\Java\jre1.8.0_201\bin;C:\Program Files\Git\cmd;C:\Program Files\Java\jdk1.8.0_201\bin;C:\Users\HP\AppData\Local\Microsoft\WindowsApps;
USERNAME=HP
OS=Windows_NT
PROCESSOR_IDENTIFIER=Intel64 Family 6 Model 61 Stepping 4, GenuineIntel



---------------  S Y S T E M  ---------------

OS: Windows 10.0 , 64 bit Build 17134 (10.0.17134.556)

CPU:total 4 (initial active 4) (2 cores per cpu, 2 threads per core) family 6 model 61 stepping 4, cmov, cx8, fxsr, mmx, sse, sse2, sse3, ssse3, sse4.1, sse4.2, popcnt, avx, avx2, aes, clmul, erms, 3dnowpref, lzcnt, ht, tsc, tscinvbit, bmi1, bmi2, adx

Memory: 4k page, physical 4082796k(274996k free), swap 4082796k(5300k free)

vm_info: Java HotSpot(TM) 64-Bit Server VM (25.201-b09) for windows-amd64 JRE (1.8.0_201-b09), built on Dec 15 2018 18:36:39 by "java_re" with MS VC++ 10.0 (VS2010)

time: Sun Mar 03 01:59:05 2019
timezone: Bangladesh Standard Time
elapsed time: 35 seconds (0d 0h 0m 35s)

